[0.097s] DEBUG:colcon:Command line arguments: ['/usr/bin/colcon', 'build']
[0.097s] DEBUG:colcon:Parsed command line arguments: Namespace(log_base=None, log_level=None, verb_name='build', build_base='build', install_base='install', merge_install=False, symlink_install=False, test_result_base=None, continue_on_error=False, executor='parallel', parallel_workers=16, event_handlers=None, ignore_user_meta=False, metas=['./colcon.meta'], base_paths=['.'], packages_ignore=None, packages_ignore_regex=None, paths=None, packages_up_to=None, packages_up_to_regex=None, packages_above=None, packages_above_and_dependencies=None, packages_above_depth=None, packages_select_by_dep=None, packages_skip_by_dep=None, packages_skip_up_to=None, packages_select_build_failed=False, packages_skip_build_finished=False, packages_select_test_failures=False, packages_skip_test_passed=False, packages_select=None, packages_skip=None, packages_select_regex=None, packages_skip_regex=None, packages_start=None, packages_end=None, allow_overriding=[], cmake_args=None, cmake_target=None, cmake_target_skip_unavailable=False, cmake_clean_cache=False, cmake_clean_first=False, cmake_force_configure=False, ament_cmake_args=None, catkin_cmake_args=None, catkin_skip_building_tests=False, mixin_files=None, mixin=None, verb_parser=<colcon_mixin.mixin.mixin_argument.MixinArgumentDecorator object at 0x73c52b1212a0>, verb_extension=<colcon_core.verb.build.BuildVerb object at 0x73c52b271ff0>, main=<bound method BuildVerb.main of <colcon_core.verb.build.BuildVerb object at 0x73c52b271ff0>>, mixin_verb=('build',))
[0.242s] Level 1:colcon.colcon_core.package_discovery:discover_packages(colcon_meta) check parameters
[0.242s] Level 1:colcon.colcon_core.package_discovery:discover_packages(recursive) check parameters
[0.242s] Level 1:colcon.colcon_core.package_discovery:discover_packages(ignore) check parameters
[0.242s] Level 1:colcon.colcon_core.package_discovery:discover_packages(path) check parameters
[0.242s] Level 1:colcon.colcon_core.package_discovery:discover_packages(colcon_meta) discover
[0.242s] Level 1:colcon.colcon_core.package_discovery:discover_packages(recursive) discover
[0.242s] INFO:colcon.colcon_core.package_discovery:Crawling recursively for packages in '/home/octobotics/arm_ros2_ws'
[0.242s] Level 1:colcon.colcon_core.package_identification:_identify(.) by extensions ['ignore', 'ignore_ament_install']
[0.242s] Level 1:colcon.colcon_core.package_identification:_identify(.) by extension 'ignore'
[0.243s] Level 1:colcon.colcon_core.package_identification:_identify(.) by extension 'ignore_ament_install'
[0.243s] Level 1:colcon.colcon_core.package_identification:_identify(.) by extensions ['colcon_pkg']
[0.243s] Level 1:colcon.colcon_core.package_identification:_identify(.) by extension 'colcon_pkg'
[0.243s] Level 1:colcon.colcon_core.package_identification:_identify(.) by extensions ['colcon_meta']
[0.243s] Level 1:colcon.colcon_core.package_identification:_identify(.) by extension 'colcon_meta'
[0.243s] Level 1:colcon.colcon_core.package_identification:_identify(.) by extensions ['ros']
[0.243s] Level 1:colcon.colcon_core.package_identification:_identify(.) by extension 'ros'
[0.261s] Level 1:colcon.colcon_core.package_identification:_identify(.) by extensions ['cmake', 'python']
[0.261s] Level 1:colcon.colcon_core.package_identification:_identify(.) by extension 'cmake'
[0.261s] Level 1:colcon.colcon_core.package_identification:_identify(.) by extension 'python'
[0.261s] Level 1:colcon.colcon_core.package_identification:_identify(.) by extensions ['python_setup_py']
[0.261s] Level 1:colcon.colcon_core.package_identification:_identify(.) by extension 'python_setup_py'
[0.261s] Level 1:colcon.colcon_core.package_identification:_identify(Robotic_arm) by extensions ['ignore', 'ignore_ament_install']
[0.261s] Level 1:colcon.colcon_core.package_identification:_identify(Robotic_arm) by extension 'ignore'
[0.262s] Level 1:colcon.colcon_core.package_identification:_identify(Robotic_arm) by extension 'ignore_ament_install'
[0.262s] Level 1:colcon.colcon_core.package_identification:_identify(Robotic_arm) by extensions ['colcon_pkg']
[0.262s] Level 1:colcon.colcon_core.package_identification:_identify(Robotic_arm) by extension 'colcon_pkg'
[0.262s] Level 1:colcon.colcon_core.package_identification:_identify(Robotic_arm) by extensions ['colcon_meta']
[0.262s] Level 1:colcon.colcon_core.package_identification:_identify(Robotic_arm) by extension 'colcon_meta'
[0.262s] Level 1:colcon.colcon_core.package_identification:_identify(Robotic_arm) by extensions ['ros']
[0.262s] Level 1:colcon.colcon_core.package_identification:_identify(Robotic_arm) by extension 'ros'
[0.262s] Level 1:colcon.colcon_core.package_identification:_identify(Robotic_arm) by extensions ['cmake', 'python']
[0.262s] Level 1:colcon.colcon_core.package_identification:_identify(Robotic_arm) by extension 'cmake'
[0.262s] Level 1:colcon.colcon_core.package_identification:_identify(Robotic_arm) by extension 'python'
[0.262s] Level 1:colcon.colcon_core.package_identification:_identify(Robotic_arm) by extensions ['python_setup_py']
[0.262s] Level 1:colcon.colcon_core.package_identification:_identify(Robotic_arm) by extension 'python_setup_py'
[0.262s] Level 1:colcon.colcon_core.package_identification:_identify(Robotic_arm/src) by extensions ['ignore', 'ignore_ament_install']
[0.262s] Level 1:colcon.colcon_core.package_identification:_identify(Robotic_arm/src) by extension 'ignore'
[0.262s] Level 1:colcon.colcon_core.package_identification:_identify(Robotic_arm/src) by extension 'ignore_ament_install'
[0.262s] Level 1:colcon.colcon_core.package_identification:_identify(Robotic_arm/src) by extensions ['colcon_pkg']
[0.262s] Level 1:colcon.colcon_core.package_identification:_identify(Robotic_arm/src) by extension 'colcon_pkg'
[0.262s] Level 1:colcon.colcon_core.package_identification:_identify(Robotic_arm/src) by extensions ['colcon_meta']
[0.262s] Level 1:colcon.colcon_core.package_identification:_identify(Robotic_arm/src) by extension 'colcon_meta'
[0.262s] Level 1:colcon.colcon_core.package_identification:_identify(Robotic_arm/src) by extensions ['ros']
[0.262s] Level 1:colcon.colcon_core.package_identification:_identify(Robotic_arm/src) by extension 'ros'
[0.262s] Level 1:colcon.colcon_core.package_identification:_identify(Robotic_arm/src) by extensions ['cmake', 'python']
[0.262s] Level 1:colcon.colcon_core.package_identification:_identify(Robotic_arm/src) by extension 'cmake'
[0.262s] Level 1:colcon.colcon_core.package_identification:_identify(Robotic_arm/src) by extension 'python'
[0.262s] Level 1:colcon.colcon_core.package_identification:_identify(Robotic_arm/src) by extensions ['python_setup_py']
[0.262s] Level 1:colcon.colcon_core.package_identification:_identify(Robotic_arm/src) by extension 'python_setup_py'
[0.262s] Level 1:colcon.colcon_core.package_identification:_identify(Robotic_arm/src/ball_visualization) by extensions ['ignore', 'ignore_ament_install']
[0.262s] Level 1:colcon.colcon_core.package_identification:_identify(Robotic_arm/src/ball_visualization) by extension 'ignore'
[0.263s] Level 1:colcon.colcon_core.package_identification:_identify(Robotic_arm/src/ball_visualization) by extension 'ignore_ament_install'
[0.263s] Level 1:colcon.colcon_core.package_identification:_identify(Robotic_arm/src/ball_visualization) by extensions ['colcon_pkg']
[0.263s] Level 1:colcon.colcon_core.package_identification:_identify(Robotic_arm/src/ball_visualization) by extension 'colcon_pkg'
[0.263s] Level 1:colcon.colcon_core.package_identification:_identify(Robotic_arm/src/ball_visualization) by extensions ['colcon_meta']
[0.263s] Level 1:colcon.colcon_core.package_identification:_identify(Robotic_arm/src/ball_visualization) by extension 'colcon_meta'
[0.263s] Level 1:colcon.colcon_core.package_identification:_identify(Robotic_arm/src/ball_visualization) by extensions ['ros']
[0.263s] Level 1:colcon.colcon_core.package_identification:_identify(Robotic_arm/src/ball_visualization) by extension 'ros'
[0.265s] DEBUG:colcon.colcon_core.package_identification:Package 'Robotic_arm/src/ball_visualization' with type 'ros.ament_cmake' and name 'ball_visualization'
[0.265s] Level 1:colcon.colcon_core.package_identification:_identify(Robotic_arm/src/panda_description) by extensions ['ignore', 'ignore_ament_install']
[0.265s] Level 1:colcon.colcon_core.package_identification:_identify(Robotic_arm/src/panda_description) by extension 'ignore'
[0.265s] Level 1:colcon.colcon_core.package_identification:_identify(Robotic_arm/src/panda_description) by extension 'ignore_ament_install'
[0.265s] Level 1:colcon.colcon_core.package_identification:_identify(Robotic_arm/src/panda_description) by extensions ['colcon_pkg']
[0.265s] Level 1:colcon.colcon_core.package_identification:_identify(Robotic_arm/src/panda_description) by extension 'colcon_pkg'
[0.265s] Level 1:colcon.colcon_core.package_identification:_identify(Robotic_arm/src/panda_description) by extensions ['colcon_meta']
[0.265s] Level 1:colcon.colcon_core.package_identification:_identify(Robotic_arm/src/panda_description) by extension 'colcon_meta'
[0.265s] Level 1:colcon.colcon_core.package_identification:_identify(Robotic_arm/src/panda_description) by extensions ['ros']
[0.265s] Level 1:colcon.colcon_core.package_identification:_identify(Robotic_arm/src/panda_description) by extension 'ros'
[0.265s] DEBUG:colcon.colcon_core.package_identification:Package 'Robotic_arm/src/panda_description' with type 'ros.ament_cmake' and name 'panda_description'
[0.265s] Level 1:colcon.colcon_core.package_identification:_identify(build) by extensions ['ignore', 'ignore_ament_install']
[0.265s] Level 1:colcon.colcon_core.package_identification:_identify(build) by extension 'ignore'
[0.266s] Level 1:colcon.colcon_core.package_identification:_identify(build) ignored
[0.266s] Level 1:colcon.colcon_core.package_identification:_identify(install) by extensions ['ignore', 'ignore_ament_install']
[0.266s] Level 1:colcon.colcon_core.package_identification:_identify(install) by extension 'ignore'
[0.266s] Level 1:colcon.colcon_core.package_identification:_identify(install) ignored
[0.266s] Level 1:colcon.colcon_core.package_identification:_identify(log) by extensions ['ignore', 'ignore_ament_install']
[0.266s] Level 1:colcon.colcon_core.package_identification:_identify(log) by extension 'ignore'
[0.266s] Level 1:colcon.colcon_core.package_identification:_identify(log) ignored
[0.266s] Level 1:colcon.colcon_core.package_discovery:discover_packages(recursive) using defaults
[0.266s] Level 1:colcon.colcon_core.package_discovery:discover_packages(ignore) discover
[0.266s] Level 1:colcon.colcon_core.package_discovery:discover_packages(ignore) using defaults
[0.266s] Level 1:colcon.colcon_core.package_discovery:discover_packages(path) discover
[0.266s] Level 1:colcon.colcon_core.package_discovery:discover_packages(path) using defaults
[0.281s] Level 1:colcon.colcon_core.package_discovery:discover_packages(prefix_path) check parameters
[0.281s] Level 1:colcon.colcon_core.package_discovery:discover_packages(prefix_path) discover
[0.281s] WARNING:colcon.colcon_ros.prefix_path.ament:The path '/home/octobotics/arm_ros2_ws/install/robotic_arms_control' in the environment variable AMENT_PREFIX_PATH doesn't exist
[0.282s] WARNING:colcon.colcon_ros.prefix_path.ament:The path '/home/octobotics/arm_ros2_ws/install/panda_description' in the environment variable AMENT_PREFIX_PATH doesn't exist
[0.282s] WARNING:colcon.colcon_ros.prefix_path.ament:The path '/home/octobotics/arm_ros2_ws/install/ball_visualization' in the environment variable AMENT_PREFIX_PATH doesn't exist
[0.282s] WARNING:colcon.colcon_ros.prefix_path.catkin:The path '/home/octobotics/arm_ros2_ws/install/panda_description' in the environment variable CMAKE_PREFIX_PATH doesn't exist
[0.282s] WARNING:colcon.colcon_ros.prefix_path.catkin:The path '/home/octobotics/arm_ros2_ws/install/ball_visualization' in the environment variable CMAKE_PREFIX_PATH doesn't exist
[0.282s] DEBUG:colcon.colcon_installed_package_information.package_discovery:Found 0 installed packages in /home/octobotics/arm_ros2_ws/install
[0.283s] DEBUG:colcon.colcon_installed_package_information.package_discovery:Found 4 installed packages in /home/octobotics/ros2_ws/install
[0.283s] DEBUG:colcon.colcon_installed_package_information.package_discovery:Found 2 installed packages in /home/octobotics/install
[0.284s] DEBUG:colcon.colcon_installed_package_information.package_discovery:Found 405 installed packages in /opt/ros/humble
[0.286s] Level 1:colcon.colcon_core.package_discovery:discover_packages(prefix_path) using defaults
[0.326s] Level 5:colcon.colcon_core.verb:set package 'ball_visualization' build argument 'cmake_args' from command line to 'None'
[0.326s] Level 5:colcon.colcon_core.verb:set package 'ball_visualization' build argument 'cmake_target' from command line to 'None'
[0.326s] Level 5:colcon.colcon_core.verb:set package 'ball_visualization' build argument 'cmake_target_skip_unavailable' from command line to 'False'
[0.326s] Level 5:colcon.colcon_core.verb:set package 'ball_visualization' build argument 'cmake_clean_cache' from command line to 'False'
[0.326s] Level 5:colcon.colcon_core.verb:set package 'ball_visualization' build argument 'cmake_clean_first' from command line to 'False'
[0.326s] Level 5:colcon.colcon_core.verb:set package 'ball_visualization' build argument 'cmake_force_configure' from command line to 'False'
[0.326s] Level 5:colcon.colcon_core.verb:set package 'ball_visualization' build argument 'ament_cmake_args' from command line to 'None'
[0.326s] Level 5:colcon.colcon_core.verb:set package 'ball_visualization' build argument 'catkin_cmake_args' from command line to 'None'
[0.326s] Level 5:colcon.colcon_core.verb:set package 'ball_visualization' build argument 'catkin_skip_building_tests' from command line to 'False'
[0.326s] DEBUG:colcon.colcon_core.verb:Building package 'ball_visualization' with the following arguments: {'ament_cmake_args': None, 'build_base': '/home/octobotics/arm_ros2_ws/build/ball_visualization', 'catkin_cmake_args': None, 'catkin_skip_building_tests': False, 'cmake_args': None, 'cmake_clean_cache': False, 'cmake_clean_first': False, 'cmake_force_configure': False, 'cmake_target': None, 'cmake_target_skip_unavailable': False, 'install_base': '/home/octobotics/arm_ros2_ws/install/ball_visualization', 'merge_install': False, 'path': '/home/octobotics/arm_ros2_ws/Robotic_arm/src/ball_visualization', 'symlink_install': False, 'test_result_base': None}
[0.326s] Level 5:colcon.colcon_core.verb:set package 'panda_description' build argument 'cmake_args' from command line to 'None'
[0.326s] Level 5:colcon.colcon_core.verb:set package 'panda_description' build argument 'cmake_target' from command line to 'None'
[0.326s] Level 5:colcon.colcon_core.verb:set package 'panda_description' build argument 'cmake_target_skip_unavailable' from command line to 'False'
[0.326s] Level 5:colcon.colcon_core.verb:set package 'panda_description' build argument 'cmake_clean_cache' from command line to 'False'
[0.326s] Level 5:colcon.colcon_core.verb:set package 'panda_description' build argument 'cmake_clean_first' from command line to 'False'
[0.326s] Level 5:colcon.colcon_core.verb:set package 'panda_description' build argument 'cmake_force_configure' from command line to 'False'
[0.326s] Level 5:colcon.colcon_core.verb:set package 'panda_description' build argument 'ament_cmake_args' from command line to 'None'
[0.326s] Level 5:colcon.colcon_core.verb:set package 'panda_description' build argument 'catkin_cmake_args' from command line to 'None'
[0.326s] Level 5:colcon.colcon_core.verb:set package 'panda_description' build argument 'catkin_skip_building_tests' from command line to 'False'
[0.326s] DEBUG:colcon.colcon_core.verb:Building package 'panda_description' with the following arguments: {'ament_cmake_args': None, 'build_base': '/home/octobotics/arm_ros2_ws/build/panda_description', 'catkin_cmake_args': None, 'catkin_skip_building_tests': False, 'cmake_args': None, 'cmake_clean_cache': False, 'cmake_clean_first': False, 'cmake_force_configure': False, 'cmake_target': None, 'cmake_target_skip_unavailable': False, 'install_base': '/home/octobotics/arm_ros2_ws/install/panda_description', 'merge_install': False, 'path': '/home/octobotics/arm_ros2_ws/Robotic_arm/src/panda_description', 'symlink_install': False, 'test_result_base': None}
[0.326s] INFO:colcon.colcon_core.executor:Executing jobs using 'parallel' executor
[0.327s] DEBUG:colcon.colcon_parallel_executor.executor.parallel:run_until_complete
[0.327s] INFO:colcon.colcon_ros.task.ament_cmake.build:Building ROS package in '/home/octobotics/arm_ros2_ws/Robotic_arm/src/ball_visualization' with build type 'ament_cmake'
[0.328s] INFO:colcon.colcon_cmake.task.cmake.build:Building CMake package in '/home/octobotics/arm_ros2_ws/Robotic_arm/src/ball_visualization'
[0.329s] INFO:colcon.colcon_core.plugin_system:Skipping extension 'colcon_core.shell.bat': Not used on non-Windows systems
[0.329s] INFO:colcon.colcon_core.shell:Skip shell extension 'powershell' for command environment: Not usable outside of PowerShell
[0.329s] DEBUG:colcon.colcon_core.shell:Skip shell extension 'dsv' for command environment
[0.333s] INFO:colcon.colcon_ros.task.ament_cmake.build:Building ROS package in '/home/octobotics/arm_ros2_ws/Robotic_arm/src/panda_description' with build type 'ament_cmake'
[0.333s] INFO:colcon.colcon_cmake.task.cmake.build:Building CMake package in '/home/octobotics/arm_ros2_ws/Robotic_arm/src/panda_description'
[0.333s] INFO:colcon.colcon_core.shell:Skip shell extension 'powershell' for command environment: Not usable outside of PowerShell
[0.333s] DEBUG:colcon.colcon_core.shell:Skip shell extension 'dsv' for command environment
[0.340s] DEBUG:colcon.colcon_core.event_handler.log_command:Invoking command in '/home/octobotics/arm_ros2_ws/build/ball_visualization': CMAKE_PREFIX_PATH=${CMAKE_PREFIX_PATH}:/home/octobotics/arm_ros2_ws/install/robotic_arms_control:/opt/ros/humble /usr/bin/cmake /home/octobotics/arm_ros2_ws/Robotic_arm/src/ball_visualization -DCMAKE_INSTALL_PREFIX=/home/octobotics/arm_ros2_ws/install/ball_visualization
[0.342s] DEBUG:colcon.colcon_core.event_handler.log_command:Invoking command in '/home/octobotics/arm_ros2_ws/build/panda_description': CMAKE_PREFIX_PATH=${CMAKE_PREFIX_PATH}:/home/octobotics/arm_ros2_ws/install/robotic_arms_control:/opt/ros/humble /usr/bin/cmake /home/octobotics/arm_ros2_ws/Robotic_arm/src/panda_description -DCMAKE_INSTALL_PREFIX=/home/octobotics/arm_ros2_ws/install/panda_description
[1.469s] DEBUG:colcon.colcon_core.event_handler.log_command:Invoked command in '/home/octobotics/arm_ros2_ws/build/panda_description' returned '0': CMAKE_PREFIX_PATH=${CMAKE_PREFIX_PATH}:/home/octobotics/arm_ros2_ws/install/robotic_arms_control:/opt/ros/humble /usr/bin/cmake /home/octobotics/arm_ros2_ws/Robotic_arm/src/panda_description -DCMAKE_INSTALL_PREFIX=/home/octobotics/arm_ros2_ws/install/panda_description
[1.472s] DEBUG:colcon.colcon_core.event_handler.log_command:Invoking command in '/home/octobotics/arm_ros2_ws/build/panda_description': CMAKE_PREFIX_PATH=${CMAKE_PREFIX_PATH}:/home/octobotics/arm_ros2_ws/install/robotic_arms_control:/opt/ros/humble /usr/bin/cmake --build /home/octobotics/arm_ros2_ws/build/panda_description -- -j16 -l16
[1.483s] DEBUG:colcon.colcon_core.event_handler.log_command:Invoked command in '/home/octobotics/arm_ros2_ws/build/ball_visualization' returned '0': CMAKE_PREFIX_PATH=${CMAKE_PREFIX_PATH}:/home/octobotics/arm_ros2_ws/install/robotic_arms_control:/opt/ros/humble /usr/bin/cmake /home/octobotics/arm_ros2_ws/Robotic_arm/src/ball_visualization -DCMAKE_INSTALL_PREFIX=/home/octobotics/arm_ros2_ws/install/ball_visualization
[1.485s] DEBUG:colcon.colcon_core.event_handler.log_command:Invoking command in '/home/octobotics/arm_ros2_ws/build/ball_visualization': CMAKE_PREFIX_PATH=${CMAKE_PREFIX_PATH}:/home/octobotics/arm_ros2_ws/install/robotic_arms_control:/opt/ros/humble /usr/bin/cmake --build /home/octobotics/arm_ros2_ws/build/ball_visualization -- -j16 -l16
[10.678s] DEBUG:colcon.colcon_core.event_handler.log_command:Invoked command in '/home/octobotics/arm_ros2_ws/build/panda_description' returned '0': CMAKE_PREFIX_PATH=${CMAKE_PREFIX_PATH}:/home/octobotics/arm_ros2_ws/install/robotic_arms_control:/opt/ros/humble /usr/bin/cmake --build /home/octobotics/arm_ros2_ws/build/panda_description -- -j16 -l16
[10.725s] DEBUG:colcon.colcon_core.event_handler.log_command:Invoking command in '/home/octobotics/arm_ros2_ws/build/panda_description': CMAKE_PREFIX_PATH=${CMAKE_PREFIX_PATH}:/home/octobotics/arm_ros2_ws/install/robotic_arms_control:/opt/ros/humble /usr/bin/cmake --install /home/octobotics/arm_ros2_ws/build/panda_description
[10.745s] Level 1:colcon.colcon_core.environment:create_environment_scripts_only(panda_description)
[10.746s] DEBUG:colcon.colcon_core.event_handler.log_command:Invoked command in '/home/octobotics/arm_ros2_ws/build/panda_description' returned '0': CMAKE_PREFIX_PATH=${CMAKE_PREFIX_PATH}:/home/octobotics/arm_ros2_ws/install/robotic_arms_control:/opt/ros/humble /usr/bin/cmake --install /home/octobotics/arm_ros2_ws/build/panda_description
[10.748s] Level 1:colcon.colcon_core.environment:checking '/home/octobotics/arm_ros2_ws/install/panda_description' for CMake module files
[10.749s] Level 1:colcon.colcon_core.environment:checking '/home/octobotics/arm_ros2_ws/install/panda_description' for CMake config files
[10.749s] Level 1:colcon.colcon_core.shell:create_environment_hook('panda_description', 'cmake_prefix_path')
[10.749s] INFO:colcon.colcon_core.shell:Creating environment hook '/home/octobotics/arm_ros2_ws/install/panda_description/share/panda_description/hook/cmake_prefix_path.ps1'
[10.750s] INFO:colcon.colcon_core.shell:Creating environment descriptor '/home/octobotics/arm_ros2_ws/install/panda_description/share/panda_description/hook/cmake_prefix_path.dsv'
[10.750s] INFO:colcon.colcon_core.shell:Creating environment hook '/home/octobotics/arm_ros2_ws/install/panda_description/share/panda_description/hook/cmake_prefix_path.sh'
[10.750s] Level 1:colcon.colcon_core.environment:checking '/home/octobotics/arm_ros2_ws/install/panda_description/lib'
[10.751s] Level 1:colcon.colcon_core.environment:checking '/home/octobotics/arm_ros2_ws/install/panda_description/bin'
[10.751s] Level 1:colcon.colcon_core.environment:checking '/home/octobotics/arm_ros2_ws/install/panda_description/lib/pkgconfig/panda_description.pc'
[10.751s] Level 1:colcon.colcon_core.environment:checking '/home/octobotics/arm_ros2_ws/install/panda_description/lib/python3.10/site-packages'
[10.751s] Level 1:colcon.colcon_core.environment:checking '/home/octobotics/arm_ros2_ws/install/panda_description/bin'
[10.751s] INFO:colcon.colcon_core.shell:Creating package script '/home/octobotics/arm_ros2_ws/install/panda_description/share/panda_description/package.ps1'
[10.752s] INFO:colcon.colcon_core.shell:Creating package descriptor '/home/octobotics/arm_ros2_ws/install/panda_description/share/panda_description/package.dsv'
[10.752s] INFO:colcon.colcon_core.shell:Creating package script '/home/octobotics/arm_ros2_ws/install/panda_description/share/panda_description/package.sh'
[10.753s] INFO:colcon.colcon_core.shell:Creating package script '/home/octobotics/arm_ros2_ws/install/panda_description/share/panda_description/package.bash'
[10.753s] INFO:colcon.colcon_core.shell:Creating package script '/home/octobotics/arm_ros2_ws/install/panda_description/share/panda_description/package.zsh'
[10.754s] Level 1:colcon.colcon_core.environment:create_file_with_runtime_dependencies(/home/octobotics/arm_ros2_ws/install/panda_description/share/colcon-core/packages/panda_description)
[10.786s] Level 1:colcon.colcon_core.environment:create_environment_scripts_only(panda_description)
[10.786s] Level 1:colcon.colcon_core.environment:checking '/home/octobotics/arm_ros2_ws/install/panda_description' for CMake module files
[10.787s] Level 1:colcon.colcon_core.environment:checking '/home/octobotics/arm_ros2_ws/install/panda_description' for CMake config files
[10.787s] Level 1:colcon.colcon_core.shell:create_environment_hook('panda_description', 'cmake_prefix_path')
[10.788s] INFO:colcon.colcon_core.shell:Creating environment hook '/home/octobotics/arm_ros2_ws/install/panda_description/share/panda_description/hook/cmake_prefix_path.ps1'
[10.788s] INFO:colcon.colcon_core.shell:Creating environment descriptor '/home/octobotics/arm_ros2_ws/install/panda_description/share/panda_description/hook/cmake_prefix_path.dsv'
[10.789s] INFO:colcon.colcon_core.shell:Creating environment hook '/home/octobotics/arm_ros2_ws/install/panda_description/share/panda_description/hook/cmake_prefix_path.sh'
[10.789s] Level 1:colcon.colcon_core.environment:checking '/home/octobotics/arm_ros2_ws/install/panda_description/lib'
[10.789s] Level 1:colcon.colcon_core.environment:checking '/home/octobotics/arm_ros2_ws/install/panda_description/bin'
[10.789s] Level 1:colcon.colcon_core.environment:checking '/home/octobotics/arm_ros2_ws/install/panda_description/lib/pkgconfig/panda_description.pc'
[10.790s] Level 1:colcon.colcon_core.environment:checking '/home/octobotics/arm_ros2_ws/install/panda_description/lib/python3.10/site-packages'
[10.790s] Level 1:colcon.colcon_core.environment:checking '/home/octobotics/arm_ros2_ws/install/panda_description/bin'
[10.790s] INFO:colcon.colcon_core.shell:Creating package script '/home/octobotics/arm_ros2_ws/install/panda_description/share/panda_description/package.ps1'
[10.791s] INFO:colcon.colcon_core.shell:Creating package descriptor '/home/octobotics/arm_ros2_ws/install/panda_description/share/panda_description/package.dsv'
[10.791s] INFO:colcon.colcon_core.shell:Creating package script '/home/octobotics/arm_ros2_ws/install/panda_description/share/panda_description/package.sh'
[10.791s] INFO:colcon.colcon_core.shell:Creating package script '/home/octobotics/arm_ros2_ws/install/panda_description/share/panda_description/package.bash'
[10.792s] INFO:colcon.colcon_core.shell:Creating package script '/home/octobotics/arm_ros2_ws/install/panda_description/share/panda_description/package.zsh'
[10.792s] Level 1:colcon.colcon_core.environment:create_file_with_runtime_dependencies(/home/octobotics/arm_ros2_ws/install/panda_description/share/colcon-core/packages/panda_description)
[11.874s] DEBUG:colcon.colcon_core.event_handler.log_command:Invoked command in '/home/octobotics/arm_ros2_ws/build/ball_visualization' returned '0': CMAKE_PREFIX_PATH=${CMAKE_PREFIX_PATH}:/home/octobotics/arm_ros2_ws/install/robotic_arms_control:/opt/ros/humble /usr/bin/cmake --build /home/octobotics/arm_ros2_ws/build/ball_visualization -- -j16 -l16
[11.909s] DEBUG:colcon.colcon_core.event_handler.log_command:Invoking command in '/home/octobotics/arm_ros2_ws/build/ball_visualization': CMAKE_PREFIX_PATH=${CMAKE_PREFIX_PATH}:/home/octobotics/arm_ros2_ws/install/robotic_arms_control:/opt/ros/humble /usr/bin/cmake --install /home/octobotics/arm_ros2_ws/build/ball_visualization
[11.929s] Level 1:colcon.colcon_core.environment:create_environment_scripts_only(ball_visualization)
[11.930s] Level 1:colcon.colcon_core.environment:checking '/home/octobotics/arm_ros2_ws/install/ball_visualization' for CMake module files
[11.930s] DEBUG:colcon.colcon_core.event_handler.log_command:Invoked command in '/home/octobotics/arm_ros2_ws/build/ball_visualization' returned '0': CMAKE_PREFIX_PATH=${CMAKE_PREFIX_PATH}:/home/octobotics/arm_ros2_ws/install/robotic_arms_control:/opt/ros/humble /usr/bin/cmake --install /home/octobotics/arm_ros2_ws/build/ball_visualization
[11.930s] Level 1:colcon.colcon_core.environment:checking '/home/octobotics/arm_ros2_ws/install/ball_visualization' for CMake config files
[11.930s] Level 1:colcon.colcon_core.shell:create_environment_hook('ball_visualization', 'cmake_prefix_path')
[11.930s] INFO:colcon.colcon_core.shell:Creating environment hook '/home/octobotics/arm_ros2_ws/install/ball_visualization/share/ball_visualization/hook/cmake_prefix_path.ps1'
[11.931s] INFO:colcon.colcon_core.shell:Creating environment descriptor '/home/octobotics/arm_ros2_ws/install/ball_visualization/share/ball_visualization/hook/cmake_prefix_path.dsv'
[11.931s] INFO:colcon.colcon_core.shell:Creating environment hook '/home/octobotics/arm_ros2_ws/install/ball_visualization/share/ball_visualization/hook/cmake_prefix_path.sh'
[11.931s] Level 1:colcon.colcon_core.environment:checking '/home/octobotics/arm_ros2_ws/install/ball_visualization/lib'
[11.931s] Level 1:colcon.colcon_core.environment:checking '/home/octobotics/arm_ros2_ws/install/ball_visualization/bin'
[11.931s] Level 1:colcon.colcon_core.environment:checking '/home/octobotics/arm_ros2_ws/install/ball_visualization/lib/pkgconfig/ball_visualization.pc'
[11.932s] Level 1:colcon.colcon_core.environment:checking '/home/octobotics/arm_ros2_ws/install/ball_visualization/lib/python3.10/site-packages'
[11.932s] Level 1:colcon.colcon_core.environment:checking '/home/octobotics/arm_ros2_ws/install/ball_visualization/bin'
[11.932s] INFO:colcon.colcon_core.shell:Creating package script '/home/octobotics/arm_ros2_ws/install/ball_visualization/share/ball_visualization/package.ps1'
[11.932s] INFO:colcon.colcon_core.shell:Creating package descriptor '/home/octobotics/arm_ros2_ws/install/ball_visualization/share/ball_visualization/package.dsv'
[11.933s] INFO:colcon.colcon_core.shell:Creating package script '/home/octobotics/arm_ros2_ws/install/ball_visualization/share/ball_visualization/package.sh'
[11.933s] INFO:colcon.colcon_core.shell:Creating package script '/home/octobotics/arm_ros2_ws/install/ball_visualization/share/ball_visualization/package.bash'
[11.933s] INFO:colcon.colcon_core.shell:Creating package script '/home/octobotics/arm_ros2_ws/install/ball_visualization/share/ball_visualization/package.zsh'
[11.933s] Level 1:colcon.colcon_core.environment:create_file_with_runtime_dependencies(/home/octobotics/arm_ros2_ws/install/ball_visualization/share/colcon-core/packages/ball_visualization)
[11.969s] Level 1:colcon.colcon_core.environment:create_environment_scripts_only(ball_visualization)
[11.970s] Level 1:colcon.colcon_core.environment:checking '/home/octobotics/arm_ros2_ws/install/ball_visualization' for CMake module files
[11.970s] Level 1:colcon.colcon_core.environment:checking '/home/octobotics/arm_ros2_ws/install/ball_visualization' for CMake config files
[11.971s] Level 1:colcon.colcon_core.shell:create_environment_hook('ball_visualization', 'cmake_prefix_path')
[11.971s] INFO:colcon.colcon_core.shell:Creating environment hook '/home/octobotics/arm_ros2_ws/install/ball_visualization/share/ball_visualization/hook/cmake_prefix_path.ps1'
[11.971s] INFO:colcon.colcon_core.shell:Creating environment descriptor '/home/octobotics/arm_ros2_ws/install/ball_visualization/share/ball_visualization/hook/cmake_prefix_path.dsv'
[11.972s] INFO:colcon.colcon_core.shell:Creating environment hook '/home/octobotics/arm_ros2_ws/install/ball_visualization/share/ball_visualization/hook/cmake_prefix_path.sh'
[11.972s] Level 1:colcon.colcon_core.environment:checking '/home/octobotics/arm_ros2_ws/install/ball_visualization/lib'
[11.972s] Level 1:colcon.colcon_core.environment:checking '/home/octobotics/arm_ros2_ws/install/ball_visualization/bin'
[11.972s] Level 1:colcon.colcon_core.environment:checking '/home/octobotics/arm_ros2_ws/install/ball_visualization/lib/pkgconfig/ball_visualization.pc'
[11.972s] Level 1:colcon.colcon_core.environment:checking '/home/octobotics/arm_ros2_ws/install/ball_visualization/lib/python3.10/site-packages'
[11.973s] Level 1:colcon.colcon_core.environment:checking '/home/octobotics/arm_ros2_ws/install/ball_visualization/bin'
[11.973s] INFO:colcon.colcon_core.shell:Creating package script '/home/octobotics/arm_ros2_ws/install/ball_visualization/share/ball_visualization/package.ps1'
[11.973s] INFO:colcon.colcon_core.shell:Creating package descriptor '/home/octobotics/arm_ros2_ws/install/ball_visualization/share/ball_visualization/package.dsv'
[11.974s] INFO:colcon.colcon_core.shell:Creating package script '/home/octobotics/arm_ros2_ws/install/ball_visualization/share/ball_visualization/package.sh'
[11.974s] INFO:colcon.colcon_core.shell:Creating package script '/home/octobotics/arm_ros2_ws/install/ball_visualization/share/ball_visualization/package.bash'
[11.974s] INFO:colcon.colcon_core.shell:Creating package script '/home/octobotics/arm_ros2_ws/install/ball_visualization/share/ball_visualization/package.zsh'
[11.975s] Level 1:colcon.colcon_core.environment:create_file_with_runtime_dependencies(/home/octobotics/arm_ros2_ws/install/ball_visualization/share/colcon-core/packages/ball_visualization)
[11.975s] DEBUG:colcon.colcon_parallel_executor.executor.parallel:closing loop
[11.975s] DEBUG:colcon.colcon_parallel_executor.executor.parallel:loop closed
[11.975s] DEBUG:colcon.colcon_parallel_executor.executor.parallel:run_until_complete finished with '0'
[11.975s] DEBUG:colcon.colcon_core.event_reactor:joining thread
[11.979s] INFO:colcon.colcon_core.plugin_system:Skipping extension 'colcon_notification.desktop_notification.terminal_notifier': Not used on non-Darwin systems
[11.980s] INFO:colcon.colcon_core.plugin_system:Skipping extension 'colcon_notification.desktop_notification.win32': Not used on non-Windows systems
[11.980s] INFO:colcon.colcon_notification.desktop_notification:Sending desktop notification using 'notify2'
[11.988s] DEBUG:colcon.colcon_core.event_reactor:joined thread
[11.989s] INFO:colcon.colcon_core.shell:Creating prefix script '/home/octobotics/arm_ros2_ws/install/local_setup.ps1'
[11.990s] INFO:colcon.colcon_core.shell:Creating prefix util module '/home/octobotics/arm_ros2_ws/install/_local_setup_util_ps1.py'
[11.991s] INFO:colcon.colcon_core.shell:Creating prefix chain script '/home/octobotics/arm_ros2_ws/install/setup.ps1'
[11.992s] INFO:colcon.colcon_core.shell:Creating prefix script '/home/octobotics/arm_ros2_ws/install/local_setup.sh'
[11.992s] INFO:colcon.colcon_core.shell:Creating prefix util module '/home/octobotics/arm_ros2_ws/install/_local_setup_util_sh.py'
[11.992s] INFO:colcon.colcon_core.shell:Creating prefix chain script '/home/octobotics/arm_ros2_ws/install/setup.sh'
[11.993s] INFO:colcon.colcon_core.shell:Creating prefix script '/home/octobotics/arm_ros2_ws/install/local_setup.bash'
[11.993s] INFO:colcon.colcon_core.shell:Creating prefix chain script '/home/octobotics/arm_ros2_ws/install/setup.bash'
[11.994s] INFO:colcon.colcon_core.shell:Creating prefix script '/home/octobotics/arm_ros2_ws/install/local_setup.zsh'
[11.995s] INFO:colcon.colcon_core.shell:Creating prefix chain script '/home/octobotics/arm_ros2_ws/install/setup.zsh'
