[0.011s] Invoking command in '/home/octobotics/arm_ros2_ws/build/ball_visualization': CMAKE_PREFIX_PATH=${CMAKE_PREFIX_PATH}:/home/octobotics/arm_ros2_ws/install/robotic_arms_control:/opt/ros/humble /usr/bin/cmake --build /home/octobotics/arm_ros2_ws/build/ball_visualization -- -j16 -l16
[0.063s] [35m[1mConsolidate compiler generated dependencies of target panda_fk[0m
[0.081s] [ 75%] Built target point_publisher
[0.081s] [ 75%] Built target semulate_joy
[0.081s] [ 75%] Built target panda_if
[0.088s] [ 87%] [32mBuilding CXX object CMakeFiles/panda_fk.dir/src/panda_fk.cpp.o[0m
[9.039s] [100%] [32m[1mLinking CXX executable panda_fk[0m
[9.528s] [100%] Built target panda_fk
[9.542s] Invoked command in '/home/octobotics/arm_ros2_ws/build/ball_visualization' returned '0': CMAKE_PREFIX_PATH=${CMAKE_PREFIX_PATH}:/home/octobotics/arm_ros2_ws/install/robotic_arms_control:/opt/ros/humble /usr/bin/cmake --build /home/octobotics/arm_ros2_ws/build/ball_visualization -- -j16 -l16
[9.588s] Invoking command in '/home/octobotics/arm_ros2_ws/build/ball_visualization': CMAKE_PREFIX_PATH=${CMAKE_PREFIX_PATH}:/home/octobotics/arm_ros2_ws/install/robotic_arms_control:/opt/ros/humble /usr/bin/cmake --install /home/octobotics/arm_ros2_ws/build/ball_visualization
[9.597s] -- Install configuration: ""
[9.597s] -- Up-to-date: /home/octobotics/arm_ros2_ws/install/ball_visualization/lib/ball_visualization/point_publisher
[9.597s] -- Installing: /home/octobotics/arm_ros2_ws/install/ball_visualization/lib/ball_visualization/panda_fk
[9.600s] -- Set runtime path of "/home/octobotics/arm_ros2_ws/install/ball_visualization/lib/ball_visualization/panda_fk" to ""
[9.600s] -- Up-to-date: /home/octobotics/arm_ros2_ws/install/ball_visualization/lib/ball_visualization/panda_if
[9.601s] -- Up-to-date: /home/octobotics/arm_ros2_ws/install/ball_visualization/lib/ball_visualization/semulate_joy
[9.601s] -- Up-to-date: /home/octobotics/arm_ros2_ws/install/ball_visualization/share/ament_index/resource_index/package_run_dependencies/ball_visualization
[9.601s] -- Up-to-date: /home/octobotics/arm_ros2_ws/install/ball_visualization/share/ament_index/resource_index/parent_prefix_path/ball_visualization
[9.601s] -- Up-to-date: /home/octobotics/arm_ros2_ws/install/ball_visualization/share/ball_visualization/environment/ament_prefix_path.sh
[9.601s] -- Up-to-date: /home/octobotics/arm_ros2_ws/install/ball_visualization/share/ball_visualization/environment/ament_prefix_path.dsv
[9.601s] -- Up-to-date: /home/octobotics/arm_ros2_ws/install/ball_visualization/share/ball_visualization/environment/path.sh
[9.601s] -- Up-to-date: /home/octobotics/arm_ros2_ws/install/ball_visualization/share/ball_visualization/environment/path.dsv
[9.601s] -- Up-to-date: /home/octobotics/arm_ros2_ws/install/ball_visualization/share/ball_visualization/local_setup.bash
[9.601s] -- Up-to-date: /home/octobotics/arm_ros2_ws/install/ball_visualization/share/ball_visualization/local_setup.sh
[9.601s] -- Up-to-date: /home/octobotics/arm_ros2_ws/install/ball_visualization/share/ball_visualization/local_setup.zsh
[9.601s] -- Up-to-date: /home/octobotics/arm_ros2_ws/install/ball_visualization/share/ball_visualization/local_setup.dsv
[9.602s] -- Installing: /home/octobotics/arm_ros2_ws/install/ball_visualization/share/ball_visualization/package.dsv
[9.602s] -- Up-to-date: /home/octobotics/arm_ros2_ws/install/ball_visualization/share/ament_index/resource_index/packages/ball_visualization
[9.602s] -- Up-to-date: /home/octobotics/arm_ros2_ws/install/ball_visualization/share/ball_visualization/cmake/ball_visualizationConfig.cmake
[9.602s] -- Up-to-date: /home/octobotics/arm_ros2_ws/install/ball_visualization/share/ball_visualization/cmake/ball_visualizationConfig-version.cmake
[9.602s] -- Up-to-date: /home/octobotics/arm_ros2_ws/install/ball_visualization/share/ball_visualization/package.xml
[9.604s] Invoked command in '/home/octobotics/arm_ros2_ws/build/ball_visualization' returned '0': CMAKE_PREFIX_PATH=${CMAKE_PREFIX_PATH}:/home/octobotics/arm_ros2_ws/install/robotic_arms_control:/opt/ros/humble /usr/bin/cmake --install /home/octobotics/arm_ros2_ws/build/ball_visualization
