-- Install configuration: ""
-- Up-to-date: /home/octobotics/arm_ros2_ws/install/panda_description/share/panda_description//launch
-- Up-to-date: /home/octobotics/arm_ros2_ws/install/panda_description/share/panda_description//launch/controller_spawner.launch.py
-- Up-to-date: /home/octobotics/arm_ros2_ws/install/panda_description/share/panda_description//launch/gazebo_bringup.launch.py
-- Up-to-date: /home/octobotics/arm_ros2_ws/install/panda_description/share/panda_description//launch/rviz_bringup.launch.py
-- Installing: /home/octobotics/arm_ros2_ws/install/panda_description/share/panda_description//launch/rviz_arm_crawer.launch.py
-- Up-to-date: /home/octobotics/arm_ros2_ws/install/panda_description/share/panda_description//meshes
-- Up-to-date: /home/octobotics/arm_ros2_ws/install/panda_description/share/panda_description//meshes/collision
-- Up-to-date: /home/octobotics/arm_ros2_ws/install/panda_description/share/panda_description//meshes/collision/hand.stl
-- Up-to-date: /home/octobotics/arm_ros2_ws/install/panda_description/share/panda_description//meshes/collision/link0.stl
-- Up-to-date: /home/octobotics/arm_ros2_ws/install/panda_description/share/panda_description//meshes/collision/link1.stl
-- Up-to-date: /home/octobotics/arm_ros2_ws/install/panda_description/share/panda_description//meshes/collision/link2.stl
-- Up-to-date: /home/octobotics/arm_ros2_ws/install/panda_description/share/panda_description//meshes/collision/link3.stl
-- Up-to-date: /home/octobotics/arm_ros2_ws/install/panda_description/share/panda_description//meshes/collision/link4.stl
-- Up-to-date: /home/octobotics/arm_ros2_ws/install/panda_description/share/panda_description//meshes/collision/link5.stl
-- Up-to-date: /home/octobotics/arm_ros2_ws/install/panda_description/share/panda_description//meshes/collision/link6.stl
-- Up-to-date: /home/octobotics/arm_ros2_ws/install/panda_description/share/panda_description//meshes/collision/link7.stl
-- Up-to-date: /home/octobotics/arm_ros2_ws/install/panda_description/share/panda_description//meshes/collision/finger.stl
-- Up-to-date: /home/octobotics/arm_ros2_ws/install/panda_description/share/panda_description//meshes/visual
-- Up-to-date: /home/octobotics/arm_ros2_ws/install/panda_description/share/panda_description//meshes/visual/finger.dae
-- Up-to-date: /home/octobotics/arm_ros2_ws/install/panda_description/share/panda_description//meshes/visual/hand.dae
-- Up-to-date: /home/octobotics/arm_ros2_ws/install/panda_description/share/panda_description//meshes/visual/link0.dae
-- Up-to-date: /home/octobotics/arm_ros2_ws/install/panda_description/share/panda_description//meshes/visual/link1.dae
-- Up-to-date: /home/octobotics/arm_ros2_ws/install/panda_description/share/panda_description//meshes/visual/link2.dae
-- Up-to-date: /home/octobotics/arm_ros2_ws/install/panda_description/share/panda_description//meshes/visual/link3.dae
-- Up-to-date: /home/octobotics/arm_ros2_ws/install/panda_description/share/panda_description//meshes/visual/link4.dae
-- Up-to-date: /home/octobotics/arm_ros2_ws/install/panda_description/share/panda_description//meshes/visual/link5.dae
-- Up-to-date: /home/octobotics/arm_ros2_ws/install/panda_description/share/panda_description//meshes/visual/link6.dae
-- Up-to-date: /home/octobotics/arm_ros2_ws/install/panda_description/share/panda_description//meshes/visual/link7.dae
-- Installing: /home/octobotics/arm_ros2_ws/install/panda_description/share/panda_description//meshes/arm_crawer_meshes
-- Installing: /home/octobotics/arm_ros2_ws/install/panda_description/share/panda_description//meshes/arm_crawer_meshes/collision
-- Installing: /home/octobotics/arm_ros2_ws/install/panda_description/share/panda_description//meshes/arm_crawer_meshes/collision/link_13.stl
-- Installing: /home/octobotics/arm_ros2_ws/install/panda_description/share/panda_description//meshes/arm_crawer_meshes/collision/link_2.stl
-- Installing: /home/octobotics/arm_ros2_ws/install/panda_description/share/panda_description//meshes/arm_crawer_meshes/collision/link_12.stl
-- Installing: /home/octobotics/arm_ros2_ws/install/panda_description/share/panda_description//meshes/arm_crawer_meshes/collision/link_10.stl
-- Installing: /home/octobotics/arm_ros2_ws/install/panda_description/share/panda_description//meshes/arm_crawer_meshes/collision/link_11.stl
-- Installing: /home/octobotics/arm_ros2_ws/install/panda_description/share/panda_description//meshes/arm_crawer_meshes/collision/base_link.stl
-- Installing: /home/octobotics/arm_ros2_ws/install/panda_description/share/panda_description//meshes/arm_crawer_meshes/collision/link_1.stl
-- Installing: /home/octobotics/arm_ros2_ws/install/panda_description/share/panda_description//meshes/arm_crawer_meshes/collision/link_3.stl
-- Installing: /home/octobotics/arm_ros2_ws/install/panda_description/share/panda_description//meshes/arm_crawer_meshes/collision/link_4.stl
-- Installing: /home/octobotics/arm_ros2_ws/install/panda_description/share/panda_description//meshes/arm_crawer_meshes/collision/link_5.stl
-- Installing: /home/octobotics/arm_ros2_ws/install/panda_description/share/panda_description//meshes/arm_crawer_meshes/collision/link_6.stl
-- Installing: /home/octobotics/arm_ros2_ws/install/panda_description/share/panda_description//meshes/arm_crawer_meshes/collision/link_7.stl
-- Installing: /home/octobotics/arm_ros2_ws/install/panda_description/share/panda_description//meshes/arm_crawer_meshes/collision/link_8.stl
-- Installing: /home/octobotics/arm_ros2_ws/install/panda_description/share/panda_description//meshes/arm_crawer_meshes/collision/link_9.stl
-- Installing: /home/octobotics/arm_ros2_ws/install/panda_description/share/panda_description//meshes/arm_crawer_meshes/visual
-- Installing: /home/octobotics/arm_ros2_ws/install/panda_description/share/panda_description//meshes/arm_crawer_meshes/visual/link_10.dae
-- Installing: /home/octobotics/arm_ros2_ws/install/panda_description/share/panda_description//meshes/arm_crawer_meshes/visual/base_link.dae
-- Installing: /home/octobotics/arm_ros2_ws/install/panda_description/share/panda_description//meshes/arm_crawer_meshes/visual/link_1.dae
-- Installing: /home/octobotics/arm_ros2_ws/install/panda_description/share/panda_description//meshes/arm_crawer_meshes/visual/link_12.dae
-- Installing: /home/octobotics/arm_ros2_ws/install/panda_description/share/panda_description//meshes/arm_crawer_meshes/visual/link_13.dae
-- Installing: /home/octobotics/arm_ros2_ws/install/panda_description/share/panda_description//meshes/arm_crawer_meshes/visual/link_2.dae
-- Installing: /home/octobotics/arm_ros2_ws/install/panda_description/share/panda_description//meshes/arm_crawer_meshes/visual/link_3.dae
-- Installing: /home/octobotics/arm_ros2_ws/install/panda_description/share/panda_description//meshes/arm_crawer_meshes/visual/link_4.dae
-- Installing: /home/octobotics/arm_ros2_ws/install/panda_description/share/panda_description//meshes/arm_crawer_meshes/visual/link_5.dae
-- Installing: /home/octobotics/arm_ros2_ws/install/panda_description/share/panda_description//meshes/arm_crawer_meshes/visual/link_6.dae
-- Installing: /home/octobotics/arm_ros2_ws/install/panda_description/share/panda_description//meshes/arm_crawer_meshes/visual/link_7.dae
-- Installing: /home/octobotics/arm_ros2_ws/install/panda_description/share/panda_description//meshes/arm_crawer_meshes/visual/link_8.dae
-- Installing: /home/octobotics/arm_ros2_ws/install/panda_description/share/panda_description//meshes/arm_crawer_meshes/visual/link_9.dae
-- Installing: /home/octobotics/arm_ros2_ws/install/panda_description/share/panda_description//meshes/arm_crawer_meshes/visual/link_11.dae
-- Up-to-date: /home/octobotics/arm_ros2_ws/install/panda_description/share/panda_description//urdf
-- Up-to-date: /home/octobotics/arm_ros2_ws/install/panda_description/share/panda_description//urdf/bazu.urdf
-- Up-to-date: /home/octobotics/arm_ros2_ws/install/panda_description/share/panda_description//urdf/panda_arm.urdf
-- Installing: /home/octobotics/arm_ros2_ws/install/panda_description/share/panda_description//urdf/arm_crawer.urdf
-- Up-to-date: /home/octobotics/arm_ros2_ws/install/panda_description/share/ament_index/resource_index/package_run_dependencies/panda_description
-- Up-to-date: /home/octobotics/arm_ros2_ws/install/panda_description/share/ament_index/resource_index/parent_prefix_path/panda_description
-- Up-to-date: /home/octobotics/arm_ros2_ws/install/panda_description/share/panda_description/environment/ament_prefix_path.sh
-- Up-to-date: /home/octobotics/arm_ros2_ws/install/panda_description/share/panda_description/environment/ament_prefix_path.dsv
-- Up-to-date: /home/octobotics/arm_ros2_ws/install/panda_description/share/panda_description/environment/path.sh
-- Up-to-date: /home/octobotics/arm_ros2_ws/install/panda_description/share/panda_description/environment/path.dsv
-- Up-to-date: /home/octobotics/arm_ros2_ws/install/panda_description/share/panda_description/local_setup.bash
-- Up-to-date: /home/octobotics/arm_ros2_ws/install/panda_description/share/panda_description/local_setup.sh
-- Up-to-date: /home/octobotics/arm_ros2_ws/install/panda_description/share/panda_description/local_setup.zsh
-- Up-to-date: /home/octobotics/arm_ros2_ws/install/panda_description/share/panda_description/local_setup.dsv
-- Installing: /home/octobotics/arm_ros2_ws/install/panda_description/share/panda_description/package.dsv
-- Up-to-date: /home/octobotics/arm_ros2_ws/install/panda_description/share/ament_index/resource_index/packages/panda_description
-- Up-to-date: /home/octobotics/arm_ros2_ws/install/panda_description/share/panda_description/cmake/panda_descriptionConfig.cmake
-- Up-to-date: /home/octobotics/arm_ros2_ws/install/panda_description/share/panda_description/cmake/panda_descriptionConfig-version.cmake
-- Up-to-date: /home/octobotics/arm_ros2_ws/install/panda_description/share/panda_description/package.xml
