[0.012s] Invoking command in '/home/octobotics/arm_ros2_ws/build/ball_visualization': CMAKE_PREFIX_PATH=${CMAKE_PREFIX_PATH}:/home/octobotics/arm_ros2_ws/install/robotic_arms_control:/opt/ros/humble /usr/bin/cmake /home/octobotics/arm_ros2_ws/Robotic_arm/src/ball_visualization -DCMAKE_INSTALL_PREFIX=/home/octobotics/arm_ros2_ws/install/ball_visualization
[0.066s] -- The C compiler identification is GNU 11.4.0
[0.115s] -- The CXX compiler identification is GNU 11.4.0
[0.123s] -- Detecting C compiler ABI info
[0.195s] -- Detecting C compiler ABI info - done
[0.202s] -- Check for working C compiler: /usr/bin/cc - skipped
[0.202s] -- Detecting C compile features
[0.202s] -- Detecting C compile features - done
[0.205s] -- Detecting CXX compiler ABI info
[0.291s] -- Detecting CXX compiler ABI info - done
[0.298s] -- Check for working CXX compiler: /usr/bin/c++ - skipped
[0.298s] -- Detecting CXX compile features
[0.298s] -- Detecting CXX compile features - done
[0.300s] -- Found ament_cmake: 1.3.10 (/opt/ros/humble/share/ament_cmake/cmake)
[0.428s] -- Found Python3: /usr/bin/python3 (found version "3.10.12") found components: Interpreter 
[0.508s] -- Found rclcpp: 16.0.10 (/opt/ros/humble/share/rclcpp/cmake)
[0.540s] -- Found rosidl_generator_c: 3.1.5 (/opt/ros/humble/share/rosidl_generator_c/cmake)
[0.544s] -- Found rosidl_adapter: 3.1.5 (/opt/ros/humble/share/rosidl_adapter/cmake)
[0.550s] -- Found rosidl_generator_cpp: 3.1.5 (/opt/ros/humble/share/rosidl_generator_cpp/cmake)
[0.559s] -- Using all available rosidl_typesupport_c: rosidl_typesupport_fastrtps_c;rosidl_typesupport_introspection_c
[0.572s] -- Using all available rosidl_typesupport_cpp: rosidl_typesupport_fastrtps_cpp;rosidl_typesupport_introspection_cpp
[0.605s] -- Found rmw_implementation_cmake: 6.1.2 (/opt/ros/humble/share/rmw_implementation_cmake/cmake)
[0.607s] -- Found rmw_fastrtps_cpp: 6.2.7 (/opt/ros/humble/share/rmw_fastrtps_cpp/cmake)
[0.683s] -- Found OpenSSL: /usr/lib/x86_64-linux-gnu/libcrypto.so (found version "3.0.2")  
[0.703s] -- Found FastRTPS: /opt/ros/humble/include  
[0.733s] -- Using RMW implementation 'rmw_fastrtps_cpp' as default
[0.740s] -- Looking for pthread.h
[0.809s] -- Looking for pthread.h - found
[0.809s] -- Performing Test CMAKE_HAVE_LIBC_PTHREAD
[0.881s] -- Performing Test CMAKE_HAVE_LIBC_PTHREAD - Success
[0.882s] -- Found Threads: TRUE  
[0.921s] -- Found visualization_msgs: 4.2.4 (/opt/ros/humble/share/visualization_msgs/cmake)
[0.960s] -- Found tf2_geometry_msgs: 0.25.8 (/opt/ros/humble/share/tf2_geometry_msgs/cmake)
[0.970s] -- Found eigen3_cmake_module: 0.1.1 (/opt/ros/humble/share/eigen3_cmake_module/cmake)
[0.971s] -- Found Eigen3: TRUE (found version "3.4.0") 
[0.971s] -- Ensuring Eigen3 include directory is part of orocos-kdl CMake target
[1.051s] -- Found ament_lint_auto: 0.12.11 (/opt/ros/humble/share/ament_lint_auto/cmake)
[1.116s] -- Added test 'cppcheck' to perform static code analysis on C / C++ code
[1.116s] -- Configured cppcheck include dirs: 
[1.116s] -- Configured cppcheck exclude dirs and/or files: 
[1.116s] -- Added test 'lint_cmake' to check CMake code style
[1.117s] -- Added test 'uncrustify' to check C / C++ code style
[1.118s] -- Configured uncrustify additional arguments: 
[1.118s] -- Added test 'xmllint' to check XML markup files
[1.119s] -- Configuring done
[1.143s] -- Generating done
[1.145s] -- Build files have been written to: /home/octobotics/arm_ros2_ws/build/ball_visualization
[1.155s] Invoked command in '/home/octobotics/arm_ros2_ws/build/ball_visualization' returned '0': CMAKE_PREFIX_PATH=${CMAKE_PREFIX_PATH}:/home/octobotics/arm_ros2_ws/install/robotic_arms_control:/opt/ros/humble /usr/bin/cmake /home/octobotics/arm_ros2_ws/Robotic_arm/src/ball_visualization -DCMAKE_INSTALL_PREFIX=/home/octobotics/arm_ros2_ws/install/ball_visualization
[1.157s] Invoking command in '/home/octobotics/arm_ros2_ws/build/ball_visualization': CMAKE_PREFIX_PATH=${CMAKE_PREFIX_PATH}:/home/octobotics/arm_ros2_ws/install/robotic_arms_control:/opt/ros/humble /usr/bin/cmake --build /home/octobotics/arm_ros2_ws/build/ball_visualization -- -j16 -l16
[1.210s] [ 50%] [32mBuilding CXX object CMakeFiles/point_publisher.dir/src/point_publisher.cpp.o[0m
[1.211s] [ 50%] [32mBuilding CXX object CMakeFiles/panda_if.dir/src/panda_if.cpp.o[0m
[1.211s] [ 50%] [32mBuilding CXX object CMakeFiles/semulate_joy.dir/src/semulate_joy.cpp.o[0m
[1.211s] [ 50%] [32mBuilding CXX object CMakeFiles/panda_fk.dir/src/panda_fk.cpp.o[0m
[5.877s] [ 62%] [32m[1mLinking CXX executable semulate_joy[0m
[6.117s] [ 62%] Built target semulate_joy
[10.137s] [ 75%] [32m[1mLinking CXX executable point_publisher[0m
[10.623s] [ 75%] Built target point_publisher
[11.033s] [ 87%] [32m[1mLinking CXX executable panda_fk[0m
[11.108s] [100%] [32m[1mLinking CXX executable panda_if[0m
[11.470s] [100%] Built target panda_fk
[11.535s] [100%] Built target panda_if
[11.546s] Invoked command in '/home/octobotics/arm_ros2_ws/build/ball_visualization' returned '0': CMAKE_PREFIX_PATH=${CMAKE_PREFIX_PATH}:/home/octobotics/arm_ros2_ws/install/robotic_arms_control:/opt/ros/humble /usr/bin/cmake --build /home/octobotics/arm_ros2_ws/build/ball_visualization -- -j16 -l16
[11.582s] Invoking command in '/home/octobotics/arm_ros2_ws/build/ball_visualization': CMAKE_PREFIX_PATH=${CMAKE_PREFIX_PATH}:/home/octobotics/arm_ros2_ws/install/robotic_arms_control:/opt/ros/humble /usr/bin/cmake --install /home/octobotics/arm_ros2_ws/build/ball_visualization
[11.589s] -- Install configuration: ""
[11.589s] -- Installing: /home/octobotics/arm_ros2_ws/install/ball_visualization/lib/ball_visualization/point_publisher
[11.592s] -- Set runtime path of "/home/octobotics/arm_ros2_ws/install/ball_visualization/lib/ball_visualization/point_publisher" to ""
[11.592s] -- Installing: /home/octobotics/arm_ros2_ws/install/ball_visualization/lib/ball_visualization/panda_fk
[11.594s] -- Set runtime path of "/home/octobotics/arm_ros2_ws/install/ball_visualization/lib/ball_visualization/panda_fk" to ""
[11.594s] -- Installing: /home/octobotics/arm_ros2_ws/install/ball_visualization/lib/ball_visualization/panda_if
[11.596s] -- Set runtime path of "/home/octobotics/arm_ros2_ws/install/ball_visualization/lib/ball_visualization/panda_if" to ""
[11.596s] -- Installing: /home/octobotics/arm_ros2_ws/install/ball_visualization/lib/ball_visualization/semulate_joy
[11.598s] -- Set runtime path of "/home/octobotics/arm_ros2_ws/install/ball_visualization/lib/ball_visualization/semulate_joy" to ""
[11.598s] -- Installing: /home/octobotics/arm_ros2_ws/install/ball_visualization/share/ament_index/resource_index/package_run_dependencies/ball_visualization
[11.598s] -- Installing: /home/octobotics/arm_ros2_ws/install/ball_visualization/share/ament_index/resource_index/parent_prefix_path/ball_visualization
[11.598s] -- Installing: /home/octobotics/arm_ros2_ws/install/ball_visualization/share/ball_visualization/environment/ament_prefix_path.sh
[11.598s] -- Installing: /home/octobotics/arm_ros2_ws/install/ball_visualization/share/ball_visualization/environment/ament_prefix_path.dsv
[11.598s] -- Installing: /home/octobotics/arm_ros2_ws/install/ball_visualization/share/ball_visualization/environment/path.sh
[11.599s] -- Installing: /home/octobotics/arm_ros2_ws/install/ball_visualization/share/ball_visualization/environment/path.dsv
[11.599s] -- Installing: /home/octobotics/arm_ros2_ws/install/ball_visualization/share/ball_visualization/local_setup.bash
[11.599s] -- Installing: /home/octobotics/arm_ros2_ws/install/ball_visualization/share/ball_visualization/local_setup.sh
[11.599s] -- Installing: /home/octobotics/arm_ros2_ws/install/ball_visualization/share/ball_visualization/local_setup.zsh
[11.599s] -- Installing: /home/octobotics/arm_ros2_ws/install/ball_visualization/share/ball_visualization/local_setup.dsv
[11.599s] -- Installing: /home/octobotics/arm_ros2_ws/install/ball_visualization/share/ball_visualization/package.dsv
[11.599s] -- Installing: /home/octobotics/arm_ros2_ws/install/ball_visualization/share/ament_index/resource_index/packages/ball_visualization
[11.599s] -- Installing: /home/octobotics/arm_ros2_ws/install/ball_visualization/share/ball_visualization/cmake/ball_visualizationConfig.cmake
[11.600s] -- Installing: /home/octobotics/arm_ros2_ws/install/ball_visualization/share/ball_visualization/cmake/ball_visualizationConfig-version.cmake
[11.600s] -- Installing: /home/octobotics/arm_ros2_ws/install/ball_visualization/share/ball_visualization/package.xml
[11.602s] Invoked command in '/home/octobotics/arm_ros2_ws/build/ball_visualization' returned '0': CMAKE_PREFIX_PATH=${CMAKE_PREFIX_PATH}:/home/octobotics/arm_ros2_ws/install/robotic_arms_control:/opt/ros/humble /usr/bin/cmake --install /home/octobotics/arm_ros2_ws/build/ball_visualization
