[0.090s] DEBUG:colcon:Command line arguments: ['/usr/bin/colcon', 'build']
[0.090s] DEBUG:colcon:Parsed command line arguments: Namespace(log_base=None, log_level=None, verb_name='build', build_base='build', install_base='install', merge_install=False, symlink_install=False, test_result_base=None, continue_on_error=False, executor='parallel', parallel_workers=16, event_handlers=None, ignore_user_meta=False, metas=['./colcon.meta'], base_paths=['.'], packages_ignore=None, packages_ignore_regex=None, paths=None, packages_up_to=None, packages_up_to_regex=None, packages_above=None, packages_above_and_dependencies=None, packages_above_depth=None, packages_select_by_dep=None, packages_skip_by_dep=None, packages_skip_up_to=None, packages_select_build_failed=False, packages_skip_build_finished=False, packages_select_test_failures=False, packages_skip_test_passed=False, packages_select=None, packages_skip=None, packages_select_regex=None, packages_skip_regex=None, packages_start=None, packages_end=None, allow_overriding=[], cmake_args=None, cmake_target=None, cmake_target_skip_unavailable=False, cmake_clean_cache=False, cmake_clean_first=False, cmake_force_configure=False, ament_cmake_args=None, catkin_cmake_args=None, catkin_skip_building_tests=False, mixin_files=None, mixin=None, verb_parser=<colcon_mixin.mixin.mixin_argument.MixinArgumentDecorator object at 0x7ecd60c4b400>, verb_extension=<colcon_core.verb.build.BuildVerb object at 0x7ecd60c4af50>, main=<bound method BuildVerb.main of <colcon_core.verb.build.BuildVerb object at 0x7ecd60c4af50>>, mixin_verb=('build',))
[0.208s] Level 1:colcon.colcon_core.package_discovery:discover_packages(colcon_meta) check parameters
[0.208s] Level 1:colcon.colcon_core.package_discovery:discover_packages(recursive) check parameters
[0.208s] Level 1:colcon.colcon_core.package_discovery:discover_packages(ignore) check parameters
[0.208s] Level 1:colcon.colcon_core.package_discovery:discover_packages(path) check parameters
[0.208s] Level 1:colcon.colcon_core.package_discovery:discover_packages(colcon_meta) discover
[0.208s] Level 1:colcon.colcon_core.package_discovery:discover_packages(recursive) discover
[0.208s] INFO:colcon.colcon_core.package_discovery:Crawling recursively for packages in '/home/octobotics/arm_ros2_ws'
[0.208s] Level 1:colcon.colcon_core.package_identification:_identify(.) by extensions ['ignore', 'ignore_ament_install']
[0.208s] Level 1:colcon.colcon_core.package_identification:_identify(.) by extension 'ignore'
[0.208s] Level 1:colcon.colcon_core.package_identification:_identify(.) by extension 'ignore_ament_install'
[0.208s] Level 1:colcon.colcon_core.package_identification:_identify(.) by extensions ['colcon_pkg']
[0.208s] Level 1:colcon.colcon_core.package_identification:_identify(.) by extension 'colcon_pkg'
[0.208s] Level 1:colcon.colcon_core.package_identification:_identify(.) by extensions ['colcon_meta']
[0.208s] Level 1:colcon.colcon_core.package_identification:_identify(.) by extension 'colcon_meta'
[0.208s] Level 1:colcon.colcon_core.package_identification:_identify(.) by extensions ['ros']
[0.208s] Level 1:colcon.colcon_core.package_identification:_identify(.) by extension 'ros'
[0.216s] Level 1:colcon.colcon_core.package_identification:_identify(.) by extensions ['cmake', 'python']
[0.216s] Level 1:colcon.colcon_core.package_identification:_identify(.) by extension 'cmake'
[0.216s] Level 1:colcon.colcon_core.package_identification:_identify(.) by extension 'python'
[0.216s] Level 1:colcon.colcon_core.package_identification:_identify(.) by extensions ['python_setup_py']
[0.216s] Level 1:colcon.colcon_core.package_identification:_identify(.) by extension 'python_setup_py'
[0.216s] Level 1:colcon.colcon_core.package_identification:_identify(Robotic_arm) by extensions ['ignore', 'ignore_ament_install']
[0.217s] Level 1:colcon.colcon_core.package_identification:_identify(Robotic_arm) by extension 'ignore'
[0.217s] Level 1:colcon.colcon_core.package_identification:_identify(Robotic_arm) by extension 'ignore_ament_install'
[0.217s] Level 1:colcon.colcon_core.package_identification:_identify(Robotic_arm) by extensions ['colcon_pkg']
[0.217s] Level 1:colcon.colcon_core.package_identification:_identify(Robotic_arm) by extension 'colcon_pkg'
[0.217s] Level 1:colcon.colcon_core.package_identification:_identify(Robotic_arm) by extensions ['colcon_meta']
[0.217s] Level 1:colcon.colcon_core.package_identification:_identify(Robotic_arm) by extension 'colcon_meta'
[0.217s] Level 1:colcon.colcon_core.package_identification:_identify(Robotic_arm) by extensions ['ros']
[0.217s] Level 1:colcon.colcon_core.package_identification:_identify(Robotic_arm) by extension 'ros'
[0.217s] Level 1:colcon.colcon_core.package_identification:_identify(Robotic_arm) by extensions ['cmake', 'python']
[0.217s] Level 1:colcon.colcon_core.package_identification:_identify(Robotic_arm) by extension 'cmake'
[0.217s] Level 1:colcon.colcon_core.package_identification:_identify(Robotic_arm) by extension 'python'
[0.217s] Level 1:colcon.colcon_core.package_identification:_identify(Robotic_arm) by extensions ['python_setup_py']
[0.217s] Level 1:colcon.colcon_core.package_identification:_identify(Robotic_arm) by extension 'python_setup_py'
[0.217s] Level 1:colcon.colcon_core.package_identification:_identify(Robotic_arm/log) by extensions ['ignore', 'ignore_ament_install']
[0.217s] Level 1:colcon.colcon_core.package_identification:_identify(Robotic_arm/log) by extension 'ignore'
[0.217s] Level 1:colcon.colcon_core.package_identification:_identify(Robotic_arm/log) ignored
[0.217s] Level 1:colcon.colcon_core.package_identification:_identify(Robotic_arm/motor_simulator) by extensions ['ignore', 'ignore_ament_install']
[0.217s] Level 1:colcon.colcon_core.package_identification:_identify(Robotic_arm/motor_simulator) by extension 'ignore'
[0.217s] Level 1:colcon.colcon_core.package_identification:_identify(Robotic_arm/motor_simulator) by extension 'ignore_ament_install'
[0.217s] Level 1:colcon.colcon_core.package_identification:_identify(Robotic_arm/motor_simulator) by extensions ['colcon_pkg']
[0.217s] Level 1:colcon.colcon_core.package_identification:_identify(Robotic_arm/motor_simulator) by extension 'colcon_pkg'
[0.217s] Level 1:colcon.colcon_core.package_identification:_identify(Robotic_arm/motor_simulator) by extensions ['colcon_meta']
[0.217s] Level 1:colcon.colcon_core.package_identification:_identify(Robotic_arm/motor_simulator) by extension 'colcon_meta'
[0.218s] Level 1:colcon.colcon_core.package_identification:_identify(Robotic_arm/motor_simulator) by extensions ['ros']
[0.218s] Level 1:colcon.colcon_core.package_identification:_identify(Robotic_arm/motor_simulator) by extension 'ros'
[0.218s] Level 1:colcon.colcon_core.package_identification:_identify(Robotic_arm/motor_simulator) by extensions ['cmake', 'python']
[0.218s] Level 1:colcon.colcon_core.package_identification:_identify(Robotic_arm/motor_simulator) by extension 'cmake'
[0.218s] Level 1:colcon.colcon_core.package_identification:_identify(Robotic_arm/motor_simulator) by extension 'python'
[0.218s] Level 1:colcon.colcon_core.package_identification:_identify(Robotic_arm/motor_simulator) by extensions ['python_setup_py']
[0.218s] Level 1:colcon.colcon_core.package_identification:_identify(Robotic_arm/motor_simulator) by extension 'python_setup_py'
[0.218s] Level 1:colcon.colcon_core.package_identification:_identify(Robotic_arm/src) by extensions ['ignore', 'ignore_ament_install']
[0.218s] Level 1:colcon.colcon_core.package_identification:_identify(Robotic_arm/src) by extension 'ignore'
[0.218s] Level 1:colcon.colcon_core.package_identification:_identify(Robotic_arm/src) by extension 'ignore_ament_install'
[0.218s] Level 1:colcon.colcon_core.package_identification:_identify(Robotic_arm/src) by extensions ['colcon_pkg']
[0.218s] Level 1:colcon.colcon_core.package_identification:_identify(Robotic_arm/src) by extension 'colcon_pkg'
[0.218s] Level 1:colcon.colcon_core.package_identification:_identify(Robotic_arm/src) by extensions ['colcon_meta']
[0.218s] Level 1:colcon.colcon_core.package_identification:_identify(Robotic_arm/src) by extension 'colcon_meta'
[0.218s] Level 1:colcon.colcon_core.package_identification:_identify(Robotic_arm/src) by extensions ['ros']
[0.218s] Level 1:colcon.colcon_core.package_identification:_identify(Robotic_arm/src) by extension 'ros'
[0.218s] Level 1:colcon.colcon_core.package_identification:_identify(Robotic_arm/src) by extensions ['cmake', 'python']
[0.218s] Level 1:colcon.colcon_core.package_identification:_identify(Robotic_arm/src) by extension 'cmake'
[0.218s] Level 1:colcon.colcon_core.package_identification:_identify(Robotic_arm/src) by extension 'python'
[0.218s] Level 1:colcon.colcon_core.package_identification:_identify(Robotic_arm/src) by extensions ['python_setup_py']
[0.218s] Level 1:colcon.colcon_core.package_identification:_identify(Robotic_arm/src) by extension 'python_setup_py'
[0.218s] Level 1:colcon.colcon_core.package_identification:_identify(Robotic_arm/src/ball_visualization) by extensions ['ignore', 'ignore_ament_install']
[0.218s] Level 1:colcon.colcon_core.package_identification:_identify(Robotic_arm/src/ball_visualization) by extension 'ignore'
[0.218s] Level 1:colcon.colcon_core.package_identification:_identify(Robotic_arm/src/ball_visualization) by extension 'ignore_ament_install'
[0.218s] Level 1:colcon.colcon_core.package_identification:_identify(Robotic_arm/src/ball_visualization) by extensions ['colcon_pkg']
[0.218s] Level 1:colcon.colcon_core.package_identification:_identify(Robotic_arm/src/ball_visualization) by extension 'colcon_pkg'
[0.219s] Level 1:colcon.colcon_core.package_identification:_identify(Robotic_arm/src/ball_visualization) by extensions ['colcon_meta']
[0.219s] Level 1:colcon.colcon_core.package_identification:_identify(Robotic_arm/src/ball_visualization) by extension 'colcon_meta'
[0.219s] Level 1:colcon.colcon_core.package_identification:_identify(Robotic_arm/src/ball_visualization) by extensions ['ros']
[0.219s] Level 1:colcon.colcon_core.package_identification:_identify(Robotic_arm/src/ball_visualization) by extension 'ros'
[0.220s] DEBUG:colcon.colcon_core.package_identification:Package 'Robotic_arm/src/ball_visualization' with type 'ros.ament_cmake' and name 'ball_visualization'
[0.221s] Level 1:colcon.colcon_core.package_identification:_identify(Robotic_arm/src/panda_description) by extensions ['ignore', 'ignore_ament_install']
[0.221s] Level 1:colcon.colcon_core.package_identification:_identify(Robotic_arm/src/panda_description) by extension 'ignore'
[0.221s] Level 1:colcon.colcon_core.package_identification:_identify(Robotic_arm/src/panda_description) by extension 'ignore_ament_install'
[0.221s] Level 1:colcon.colcon_core.package_identification:_identify(Robotic_arm/src/panda_description) by extensions ['colcon_pkg']
[0.221s] Level 1:colcon.colcon_core.package_identification:_identify(Robotic_arm/src/panda_description) by extension 'colcon_pkg'
[0.221s] Level 1:colcon.colcon_core.package_identification:_identify(Robotic_arm/src/panda_description) by extensions ['colcon_meta']
[0.221s] Level 1:colcon.colcon_core.package_identification:_identify(Robotic_arm/src/panda_description) by extension 'colcon_meta'
[0.221s] Level 1:colcon.colcon_core.package_identification:_identify(Robotic_arm/src/panda_description) by extensions ['ros']
[0.221s] Level 1:colcon.colcon_core.package_identification:_identify(Robotic_arm/src/panda_description) by extension 'ros'
[0.221s] DEBUG:colcon.colcon_core.package_identification:Package 'Robotic_arm/src/panda_description' with type 'ros.ament_cmake' and name 'panda_description'
[0.221s] Level 1:colcon.colcon_core.package_identification:_identify(build) by extensions ['ignore', 'ignore_ament_install']
[0.221s] Level 1:colcon.colcon_core.package_identification:_identify(build) by extension 'ignore'
[0.221s] Level 1:colcon.colcon_core.package_identification:_identify(build) ignored
[0.221s] Level 1:colcon.colcon_core.package_identification:_identify(install) by extensions ['ignore', 'ignore_ament_install']
[0.221s] Level 1:colcon.colcon_core.package_identification:_identify(install) by extension 'ignore'
[0.222s] Level 1:colcon.colcon_core.package_identification:_identify(install) ignored
[0.222s] Level 1:colcon.colcon_core.package_identification:_identify(log) by extensions ['ignore', 'ignore_ament_install']
[0.222s] Level 1:colcon.colcon_core.package_identification:_identify(log) by extension 'ignore'
[0.222s] Level 1:colcon.colcon_core.package_identification:_identify(log) ignored
[0.222s] Level 1:colcon.colcon_core.package_discovery:discover_packages(recursive) using defaults
[0.222s] Level 1:colcon.colcon_core.package_discovery:discover_packages(ignore) discover
[0.222s] Level 1:colcon.colcon_core.package_discovery:discover_packages(ignore) using defaults
[0.222s] Level 1:colcon.colcon_core.package_discovery:discover_packages(path) discover
[0.222s] Level 1:colcon.colcon_core.package_discovery:discover_packages(path) using defaults
[0.247s] Level 1:colcon.colcon_core.package_discovery:discover_packages(prefix_path) check parameters
[0.247s] Level 1:colcon.colcon_core.package_discovery:discover_packages(prefix_path) discover
[0.248s] Level 1:colcon.colcon_core.package_discovery:discover_packages(prefix_path) using defaults
[0.248s] Level 5:colcon.colcon_core.verb:set package 'ball_visualization' build argument 'cmake_args' from command line to 'None'
[0.248s] Level 5:colcon.colcon_core.verb:set package 'ball_visualization' build argument 'cmake_target' from command line to 'None'
[0.248s] Level 5:colcon.colcon_core.verb:set package 'ball_visualization' build argument 'cmake_target_skip_unavailable' from command line to 'False'
[0.248s] Level 5:colcon.colcon_core.verb:set package 'ball_visualization' build argument 'cmake_clean_cache' from command line to 'False'
[0.248s] Level 5:colcon.colcon_core.verb:set package 'ball_visualization' build argument 'cmake_clean_first' from command line to 'False'
[0.248s] Level 5:colcon.colcon_core.verb:set package 'ball_visualization' build argument 'cmake_force_configure' from command line to 'False'
[0.248s] Level 5:colcon.colcon_core.verb:set package 'ball_visualization' build argument 'ament_cmake_args' from command line to 'None'
[0.249s] Level 5:colcon.colcon_core.verb:set package 'ball_visualization' build argument 'catkin_cmake_args' from command line to 'None'
[0.249s] Level 5:colcon.colcon_core.verb:set package 'ball_visualization' build argument 'catkin_skip_building_tests' from command line to 'False'
[0.249s] DEBUG:colcon.colcon_core.verb:Building package 'ball_visualization' with the following arguments: {'ament_cmake_args': None, 'build_base': '/home/octobotics/arm_ros2_ws/build/ball_visualization', 'catkin_cmake_args': None, 'catkin_skip_building_tests': False, 'cmake_args': None, 'cmake_clean_cache': False, 'cmake_clean_first': False, 'cmake_force_configure': False, 'cmake_target': None, 'cmake_target_skip_unavailable': False, 'install_base': '/home/octobotics/arm_ros2_ws/install/ball_visualization', 'merge_install': False, 'path': '/home/octobotics/arm_ros2_ws/Robotic_arm/src/ball_visualization', 'symlink_install': False, 'test_result_base': None}
[0.249s] Level 5:colcon.colcon_core.verb:set package 'panda_description' build argument 'cmake_args' from command line to 'None'
[0.249s] Level 5:colcon.colcon_core.verb:set package 'panda_description' build argument 'cmake_target' from command line to 'None'
[0.249s] Level 5:colcon.colcon_core.verb:set package 'panda_description' build argument 'cmake_target_skip_unavailable' from command line to 'False'
[0.249s] Level 5:colcon.colcon_core.verb:set package 'panda_description' build argument 'cmake_clean_cache' from command line to 'False'
[0.249s] Level 5:colcon.colcon_core.verb:set package 'panda_description' build argument 'cmake_clean_first' from command line to 'False'
[0.249s] Level 5:colcon.colcon_core.verb:set package 'panda_description' build argument 'cmake_force_configure' from command line to 'False'
[0.249s] Level 5:colcon.colcon_core.verb:set package 'panda_description' build argument 'ament_cmake_args' from command line to 'None'
[0.249s] Level 5:colcon.colcon_core.verb:set package 'panda_description' build argument 'catkin_cmake_args' from command line to 'None'
[0.249s] Level 5:colcon.colcon_core.verb:set package 'panda_description' build argument 'catkin_skip_building_tests' from command line to 'False'
[0.249s] DEBUG:colcon.colcon_core.verb:Building package 'panda_description' with the following arguments: {'ament_cmake_args': None, 'build_base': '/home/octobotics/arm_ros2_ws/build/panda_description', 'catkin_cmake_args': None, 'catkin_skip_building_tests': False, 'cmake_args': None, 'cmake_clean_cache': False, 'cmake_clean_first': False, 'cmake_force_configure': False, 'cmake_target': None, 'cmake_target_skip_unavailable': False, 'install_base': '/home/octobotics/arm_ros2_ws/install/panda_description', 'merge_install': False, 'path': '/home/octobotics/arm_ros2_ws/Robotic_arm/src/panda_description', 'symlink_install': False, 'test_result_base': None}
[0.249s] INFO:colcon.colcon_core.executor:Executing jobs using 'parallel' executor
[0.250s] DEBUG:colcon.colcon_parallel_executor.executor.parallel:run_until_complete
[0.250s] INFO:colcon.colcon_ros.task.ament_cmake.build:Building ROS package in '/home/octobotics/arm_ros2_ws/Robotic_arm/src/ball_visualization' with build type 'ament_cmake'
[0.250s] INFO:colcon.colcon_cmake.task.cmake.build:Building CMake package in '/home/octobotics/arm_ros2_ws/Robotic_arm/src/ball_visualization'
[0.252s] INFO:colcon.colcon_core.plugin_system:Skipping extension 'colcon_core.shell.bat': Not used on non-Windows systems
[0.252s] INFO:colcon.colcon_core.shell:Skip shell extension 'powershell' for command environment: Not usable outside of PowerShell
[0.252s] DEBUG:colcon.colcon_core.shell:Skip shell extension 'dsv' for command environment
[0.253s] INFO:colcon.colcon_ros.task.ament_cmake.build:Building ROS package in '/home/octobotics/arm_ros2_ws/Robotic_arm/src/panda_description' with build type 'ament_cmake'
[0.253s] INFO:colcon.colcon_cmake.task.cmake.build:Building CMake package in '/home/octobotics/arm_ros2_ws/Robotic_arm/src/panda_description'
[0.253s] INFO:colcon.colcon_core.shell:Skip shell extension 'powershell' for command environment: Not usable outside of PowerShell
[0.253s] DEBUG:colcon.colcon_core.shell:Skip shell extension 'dsv' for command environment
[0.258s] DEBUG:colcon.colcon_core.event_handler.log_command:Invoking command in '/home/octobotics/arm_ros2_ws/build/ball_visualization': /usr/bin/cmake --build /home/octobotics/arm_ros2_ws/build/ball_visualization -- -j16 -l16
[0.260s] DEBUG:colcon.colcon_core.event_handler.log_command:Invoking command in '/home/octobotics/arm_ros2_ws/build/panda_description': /usr/bin/cmake --build /home/octobotics/arm_ros2_ws/build/panda_description -- -j16 -l16
[0.419s] DEBUG:colcon.colcon_core.event_handler.log_command:Invoked command in '/home/octobotics/arm_ros2_ws/build/ball_visualization' returned '2': /usr/bin/cmake --build /home/octobotics/arm_ros2_ws/build/ball_visualization -- -j16 -l16
[0.420s] DEBUG:colcon.colcon_core.event_handler.log_command:Invoked command in '/home/octobotics/arm_ros2_ws/build/panda_description' returned '2': /usr/bin/cmake --build /home/octobotics/arm_ros2_ws/build/panda_description -- -j16 -l16
[0.439s] Level 1:colcon.colcon_core.environment:create_environment_scripts_only(panda_description)
[0.440s] Level 1:colcon.colcon_core.environment:checking '/home/octobotics/arm_ros2_ws/install/panda_description' for CMake module files
[0.441s] Level 1:colcon.colcon_core.environment:checking '/home/octobotics/arm_ros2_ws/install/panda_description' for CMake config files
[0.441s] Level 1:colcon.colcon_core.shell:create_environment_hook('panda_description', 'cmake_prefix_path')
[0.441s] INFO:colcon.colcon_core.shell:Creating environment hook '/home/octobotics/arm_ros2_ws/install/panda_description/share/panda_description/hook/cmake_prefix_path.ps1'
[0.442s] INFO:colcon.colcon_core.shell:Creating environment descriptor '/home/octobotics/arm_ros2_ws/install/panda_description/share/panda_description/hook/cmake_prefix_path.dsv'
[0.442s] INFO:colcon.colcon_core.shell:Creating environment hook '/home/octobotics/arm_ros2_ws/install/panda_description/share/panda_description/hook/cmake_prefix_path.sh'
[0.443s] Level 1:colcon.colcon_core.environment:checking '/home/octobotics/arm_ros2_ws/install/panda_description/lib'
[0.443s] Level 1:colcon.colcon_core.environment:checking '/home/octobotics/arm_ros2_ws/install/panda_description/bin'
[0.443s] Level 1:colcon.colcon_core.environment:checking '/home/octobotics/arm_ros2_ws/install/panda_description/lib/pkgconfig/panda_description.pc'
[0.444s] Level 1:colcon.colcon_core.environment:checking '/home/octobotics/arm_ros2_ws/install/panda_description/lib/python3.10/site-packages'
[0.444s] Level 1:colcon.colcon_core.environment:checking '/home/octobotics/arm_ros2_ws/install/panda_description/bin'
[0.445s] INFO:colcon.colcon_core.shell:Creating package script '/home/octobotics/arm_ros2_ws/install/panda_description/share/panda_description/package.ps1'
[0.445s] INFO:colcon.colcon_core.shell:Creating package descriptor '/home/octobotics/arm_ros2_ws/install/panda_description/share/panda_description/package.dsv'
[0.446s] INFO:colcon.colcon_core.shell:Creating package script '/home/octobotics/arm_ros2_ws/install/panda_description/share/panda_description/package.sh'
[0.446s] INFO:colcon.colcon_core.shell:Creating package script '/home/octobotics/arm_ros2_ws/install/panda_description/share/panda_description/package.bash'
[0.447s] INFO:colcon.colcon_core.shell:Creating package script '/home/octobotics/arm_ros2_ws/install/panda_description/share/panda_description/package.zsh'
[0.448s] Level 1:colcon.colcon_core.environment:create_file_with_runtime_dependencies(/home/octobotics/arm_ros2_ws/install/panda_description/share/colcon-core/packages/panda_description)
[0.460s] DEBUG:colcon.colcon_parallel_executor.executor.parallel:closing loop
[0.460s] DEBUG:colcon.colcon_parallel_executor.executor.parallel:loop closed
[0.460s] DEBUG:colcon.colcon_parallel_executor.executor.parallel:run_until_complete finished with '2'
[0.460s] DEBUG:colcon.colcon_core.event_reactor:joining thread
[0.465s] INFO:colcon.colcon_core.plugin_system:Skipping extension 'colcon_notification.desktop_notification.terminal_notifier': Not used on non-Darwin systems
[0.465s] INFO:colcon.colcon_core.plugin_system:Skipping extension 'colcon_notification.desktop_notification.win32': Not used on non-Windows systems
[0.465s] INFO:colcon.colcon_notification.desktop_notification:Sending desktop notification using 'notify2'
[0.473s] DEBUG:colcon.colcon_core.event_reactor:joined thread
[0.474s] INFO:colcon.colcon_core.shell:Creating prefix script '/home/octobotics/arm_ros2_ws/install/local_setup.ps1'
[0.475s] INFO:colcon.colcon_core.shell:Creating prefix util module '/home/octobotics/arm_ros2_ws/install/_local_setup_util_ps1.py'
[0.475s] INFO:colcon.colcon_core.shell:Creating prefix chain script '/home/octobotics/arm_ros2_ws/install/setup.ps1'
[0.476s] INFO:colcon.colcon_core.shell:Creating prefix script '/home/octobotics/arm_ros2_ws/install/local_setup.sh'
[0.477s] INFO:colcon.colcon_core.shell:Creating prefix util module '/home/octobotics/arm_ros2_ws/install/_local_setup_util_sh.py'
[0.477s] INFO:colcon.colcon_core.shell:Creating prefix chain script '/home/octobotics/arm_ros2_ws/install/setup.sh'
[0.478s] INFO:colcon.colcon_core.shell:Creating prefix script '/home/octobotics/arm_ros2_ws/install/local_setup.bash'
[0.478s] INFO:colcon.colcon_core.shell:Creating prefix chain script '/home/octobotics/arm_ros2_ws/install/setup.bash'
[0.479s] INFO:colcon.colcon_core.shell:Creating prefix script '/home/octobotics/arm_ros2_ws/install/local_setup.zsh'
[0.479s] INFO:colcon.colcon_core.shell:Creating prefix chain script '/home/octobotics/arm_ros2_ws/install/setup.zsh'
