[0.015s] Invoking command in '/home/octobotics/arm_ros2_ws/build/panda_description': CMAKE_PREFIX_PATH=${CMAKE_PREFIX_PATH}:/home/octobotics/arm_ros2_ws/install/robotic_arms_control:/opt/ros/humble /usr/bin/cmake --build /home/octobotics/arm_ros2_ws/build/panda_description -- -j16 -l16
[0.078s] [100%] Built target joy_control
[0.092s] Invoked command in '/home/octobotics/arm_ros2_ws/build/panda_description' returned '0': CMAKE_PREFIX_PATH=${CMAKE_PREFIX_PATH}:/home/octobotics/arm_ros2_ws/install/robotic_arms_control:/opt/ros/humble /usr/bin/cmake --build /home/octobotics/arm_ros2_ws/build/panda_description -- -j16 -l16
[0.131s] Invoking command in '/home/octobotics/arm_ros2_ws/build/panda_description': CMAKE_PREFIX_PATH=${CMAKE_PREFIX_PATH}:/home/octobotics/arm_ros2_ws/install/robotic_arms_control:/opt/ros/humble /usr/bin/cmake --install /home/octobotics/arm_ros2_ws/build/panda_description
[0.140s] -- Install configuration: ""
[0.140s] -- Up-to-date: /home/octobotics/arm_ros2_ws/install/panda_description/lib/panda_description/joy_control
[0.140s] -- Up-to-date: /home/octobotics/arm_ros2_ws/install/panda_description/share/panda_description//launch
[0.141s] -- Up-to-date: /home/octobotics/arm_ros2_ws/install/panda_description/share/panda_description//launch/controller_spawner.launch.py
[0.141s] -- Up-to-date: /home/octobotics/arm_ros2_ws/install/panda_description/share/panda_description//launch/gazebo_bringup.launch.py
[0.141s] -- Up-to-date: /home/octobotics/arm_ros2_ws/install/panda_description/share/panda_description//launch/rviz_bringup.launch.py
[0.141s] -- Up-to-date: /home/octobotics/arm_ros2_ws/install/panda_description/share/panda_description//meshes
[0.141s] -- Up-to-date: /home/octobotics/arm_ros2_ws/install/panda_description/share/panda_description//meshes/collision
[0.141s] -- Up-to-date: /home/octobotics/arm_ros2_ws/install/panda_description/share/panda_description//meshes/collision/hand.stl
[0.141s] -- Up-to-date: /home/octobotics/arm_ros2_ws/install/panda_description/share/panda_description//meshes/collision/link0.stl
[0.141s] -- Up-to-date: /home/octobotics/arm_ros2_ws/install/panda_description/share/panda_description//meshes/collision/link1.stl
[0.141s] -- Up-to-date: /home/octobotics/arm_ros2_ws/install/panda_description/share/panda_description//meshes/collision/link2.stl
[0.141s] -- Up-to-date: /home/octobotics/arm_ros2_ws/install/panda_description/share/panda_description//meshes/collision/link3.stl
[0.141s] -- Up-to-date: /home/octobotics/arm_ros2_ws/install/panda_description/share/panda_description//meshes/collision/link4.stl
[0.142s] -- Up-to-date: /home/octobotics/arm_ros2_ws/install/panda_description/share/panda_description//meshes/collision/link5.stl
[0.142s] -- Up-to-date: /home/octobotics/arm_ros2_ws/install/panda_description/share/panda_description//meshes/collision/link6.stl
[0.142s] -- Up-to-date: /home/octobotics/arm_ros2_ws/install/panda_description/share/panda_description//meshes/collision/link7.stl
[0.142s] -- Up-to-date: /home/octobotics/arm_ros2_ws/install/panda_description/share/panda_description//meshes/collision/finger.stl
[0.142s] -- Up-to-date: /home/octobotics/arm_ros2_ws/install/panda_description/share/panda_description//meshes/visual
[0.142s] -- Up-to-date: /home/octobotics/arm_ros2_ws/install/panda_description/share/panda_description//meshes/visual/finger.dae
[0.142s] -- Up-to-date: /home/octobotics/arm_ros2_ws/install/panda_description/share/panda_description//meshes/visual/hand.dae
[0.142s] -- Up-to-date: /home/octobotics/arm_ros2_ws/install/panda_description/share/panda_description//meshes/visual/link0.dae
[0.142s] -- Up-to-date: /home/octobotics/arm_ros2_ws/install/panda_description/share/panda_description//meshes/visual/link1.dae
[0.142s] -- Up-to-date: /home/octobotics/arm_ros2_ws/install/panda_description/share/panda_description//meshes/visual/link2.dae
[0.142s] -- Up-to-date: /home/octobotics/arm_ros2_ws/install/panda_description/share/panda_description//meshes/visual/link3.dae
[0.142s] -- Up-to-date: /home/octobotics/arm_ros2_ws/install/panda_description/share/panda_description//meshes/visual/link4.dae
[0.142s] -- Up-to-date: /home/octobotics/arm_ros2_ws/install/panda_description/share/panda_description//meshes/visual/link5.dae
[0.142s] -- Up-to-date: /home/octobotics/arm_ros2_ws/install/panda_description/share/panda_description//meshes/visual/link6.dae
[0.142s] -- Up-to-date: /home/octobotics/arm_ros2_ws/install/panda_description/share/panda_description//meshes/visual/link7.dae
[0.142s] -- Up-to-date: /home/octobotics/arm_ros2_ws/install/panda_description/share/panda_description//urdf
[0.142s] -- Up-to-date: /home/octobotics/arm_ros2_ws/install/panda_description/share/panda_description//urdf/bazu.urdf
[0.142s] -- Up-to-date: /home/octobotics/arm_ros2_ws/install/panda_description/share/panda_description//urdf/panda_arm.urdf
[0.142s] -- Up-to-date: /home/octobotics/arm_ros2_ws/install/panda_description/share/ament_index/resource_index/package_run_dependencies/panda_description
[0.142s] -- Up-to-date: /home/octobotics/arm_ros2_ws/install/panda_description/share/ament_index/resource_index/parent_prefix_path/panda_description
[0.143s] -- Up-to-date: /home/octobotics/arm_ros2_ws/install/panda_description/share/panda_description/environment/ament_prefix_path.sh
[0.143s] -- Up-to-date: /home/octobotics/arm_ros2_ws/install/panda_description/share/panda_description/environment/ament_prefix_path.dsv
[0.143s] -- Up-to-date: /home/octobotics/arm_ros2_ws/install/panda_description/share/panda_description/environment/path.sh
[0.143s] -- Up-to-date: /home/octobotics/arm_ros2_ws/install/panda_description/share/panda_description/environment/path.dsv
[0.143s] -- Up-to-date: /home/octobotics/arm_ros2_ws/install/panda_description/share/panda_description/local_setup.bash
[0.143s] -- Up-to-date: /home/octobotics/arm_ros2_ws/install/panda_description/share/panda_description/local_setup.sh
[0.143s] -- Up-to-date: /home/octobotics/arm_ros2_ws/install/panda_description/share/panda_description/local_setup.zsh
[0.143s] -- Up-to-date: /home/octobotics/arm_ros2_ws/install/panda_description/share/panda_description/local_setup.dsv
[0.143s] -- Installing: /home/octobotics/arm_ros2_ws/install/panda_description/share/panda_description/package.dsv
[0.143s] -- Up-to-date: /home/octobotics/arm_ros2_ws/install/panda_description/share/ament_index/resource_index/packages/panda_description
[0.143s] -- Up-to-date: /home/octobotics/arm_ros2_ws/install/panda_description/share/panda_description/cmake/panda_descriptionConfig.cmake
[0.143s] -- Up-to-date: /home/octobotics/arm_ros2_ws/install/panda_description/share/panda_description/cmake/panda_descriptionConfig-version.cmake
[0.143s] -- Up-to-date: /home/octobotics/arm_ros2_ws/install/panda_description/share/panda_description/package.xml
[0.144s] Invoked command in '/home/octobotics/arm_ros2_ws/build/panda_description' returned '0': CMAKE_PREFIX_PATH=${CMAKE_PREFIX_PATH}:/home/octobotics/arm_ros2_ws/install/robotic_arms_control:/opt/ros/humble /usr/bin/cmake --install /home/octobotics/arm_ros2_ws/build/panda_description
