[0.096s] DEBUG:colcon:Command line arguments: ['/usr/bin/colcon', 'build', '--packages-select', 'ball_visgualization']
[0.096s] DEBUG:colcon:Parsed command line arguments: Namespace(log_base=None, log_level=None, verb_name='build', build_base='build', install_base='install', merge_install=False, symlink_install=False, test_result_base=None, continue_on_error=False, executor='parallel', parallel_workers=16, event_handlers=None, ignore_user_meta=False, metas=['./colcon.meta'], base_paths=['.'], packages_ignore=None, packages_ignore_regex=None, paths=None, packages_up_to=None, packages_up_to_regex=None, packages_above=None, packages_above_and_dependencies=None, packages_above_depth=None, packages_select_by_dep=None, packages_skip_by_dep=None, packages_skip_up_to=None, packages_select_build_failed=False, packages_skip_build_finished=False, packages_select_test_failures=False, packages_skip_test_passed=False, packages_select=['ball_visgualization'], packages_skip=None, packages_select_regex=None, packages_skip_regex=None, packages_start=None, packages_end=None, allow_overriding=[], cmake_args=None, cmake_target=None, cmake_target_skip_unavailable=False, cmake_clean_cache=False, cmake_clean_first=False, cmake_force_configure=False, ament_cmake_args=None, catkin_cmake_args=None, catkin_skip_building_tests=False, mixin_files=None, mixin=None, verb_parser=<colcon_mixin.mixin.mixin_argument.MixinArgumentDecorator object at 0x7281e3384eb0>, verb_extension=<colcon_core.verb.build.BuildVerb object at 0x7281e3485b70>, main=<bound method BuildVerb.main of <colcon_core.verb.build.BuildVerb object at 0x7281e3485b70>>, mixin_verb=('build',))
[0.255s] Level 1:colcon.colcon_core.package_discovery:discover_packages(colcon_meta) check parameters
[0.256s] Level 1:colcon.colcon_core.package_discovery:discover_packages(recursive) check parameters
[0.256s] Level 1:colcon.colcon_core.package_discovery:discover_packages(ignore) check parameters
[0.256s] Level 1:colcon.colcon_core.package_discovery:discover_packages(path) check parameters
[0.256s] Level 1:colcon.colcon_core.package_discovery:discover_packages(colcon_meta) discover
[0.256s] Level 1:colcon.colcon_core.package_discovery:discover_packages(recursive) discover
[0.256s] INFO:colcon.colcon_core.package_discovery:Crawling recursively for packages in '/home/octobotics/arm_ros2_ws'
[0.256s] Level 1:colcon.colcon_core.package_identification:_identify(.) by extensions ['ignore', 'ignore_ament_install']
[0.256s] Level 1:colcon.colcon_core.package_identification:_identify(.) by extension 'ignore'
[0.256s] Level 1:colcon.colcon_core.package_identification:_identify(.) by extension 'ignore_ament_install'
[0.256s] Level 1:colcon.colcon_core.package_identification:_identify(.) by extensions ['colcon_pkg']
[0.256s] Level 1:colcon.colcon_core.package_identification:_identify(.) by extension 'colcon_pkg'
[0.256s] Level 1:colcon.colcon_core.package_identification:_identify(.) by extensions ['colcon_meta']
[0.256s] Level 1:colcon.colcon_core.package_identification:_identify(.) by extension 'colcon_meta'
[0.256s] Level 1:colcon.colcon_core.package_identification:_identify(.) by extensions ['ros']
[0.256s] Level 1:colcon.colcon_core.package_identification:_identify(.) by extension 'ros'
[0.274s] Level 1:colcon.colcon_core.package_identification:_identify(.) by extensions ['cmake', 'python']
[0.274s] Level 1:colcon.colcon_core.package_identification:_identify(.) by extension 'cmake'
[0.274s] Level 1:colcon.colcon_core.package_identification:_identify(.) by extension 'python'
[0.274s] Level 1:colcon.colcon_core.package_identification:_identify(.) by extensions ['python_setup_py']
[0.274s] Level 1:colcon.colcon_core.package_identification:_identify(.) by extension 'python_setup_py'
[0.274s] Level 1:colcon.colcon_core.package_identification:_identify(Robotic_arm) by extensions ['ignore', 'ignore_ament_install']
[0.274s] Level 1:colcon.colcon_core.package_identification:_identify(Robotic_arm) by extension 'ignore'
[0.274s] Level 1:colcon.colcon_core.package_identification:_identify(Robotic_arm) by extension 'ignore_ament_install'
[0.274s] Level 1:colcon.colcon_core.package_identification:_identify(Robotic_arm) by extensions ['colcon_pkg']
[0.274s] Level 1:colcon.colcon_core.package_identification:_identify(Robotic_arm) by extension 'colcon_pkg'
[0.274s] Level 1:colcon.colcon_core.package_identification:_identify(Robotic_arm) by extensions ['colcon_meta']
[0.274s] Level 1:colcon.colcon_core.package_identification:_identify(Robotic_arm) by extension 'colcon_meta'
[0.274s] Level 1:colcon.colcon_core.package_identification:_identify(Robotic_arm) by extensions ['ros']
[0.274s] Level 1:colcon.colcon_core.package_identification:_identify(Robotic_arm) by extension 'ros'
[0.275s] Level 1:colcon.colcon_core.package_identification:_identify(Robotic_arm) by extensions ['cmake', 'python']
[0.275s] Level 1:colcon.colcon_core.package_identification:_identify(Robotic_arm) by extension 'cmake'
[0.275s] Level 1:colcon.colcon_core.package_identification:_identify(Robotic_arm) by extension 'python'
[0.275s] Level 1:colcon.colcon_core.package_identification:_identify(Robotic_arm) by extensions ['python_setup_py']
[0.275s] Level 1:colcon.colcon_core.package_identification:_identify(Robotic_arm) by extension 'python_setup_py'
[0.275s] Level 1:colcon.colcon_core.package_identification:_identify(Robotic_arm/src) by extensions ['ignore', 'ignore_ament_install']
[0.275s] Level 1:colcon.colcon_core.package_identification:_identify(Robotic_arm/src) by extension 'ignore'
[0.275s] Level 1:colcon.colcon_core.package_identification:_identify(Robotic_arm/src) by extension 'ignore_ament_install'
[0.275s] Level 1:colcon.colcon_core.package_identification:_identify(Robotic_arm/src) by extensions ['colcon_pkg']
[0.275s] Level 1:colcon.colcon_core.package_identification:_identify(Robotic_arm/src) by extension 'colcon_pkg'
[0.275s] Level 1:colcon.colcon_core.package_identification:_identify(Robotic_arm/src) by extensions ['colcon_meta']
[0.275s] Level 1:colcon.colcon_core.package_identification:_identify(Robotic_arm/src) by extension 'colcon_meta'
[0.275s] Level 1:colcon.colcon_core.package_identification:_identify(Robotic_arm/src) by extensions ['ros']
[0.275s] Level 1:colcon.colcon_core.package_identification:_identify(Robotic_arm/src) by extension 'ros'
[0.275s] Level 1:colcon.colcon_core.package_identification:_identify(Robotic_arm/src) by extensions ['cmake', 'python']
[0.275s] Level 1:colcon.colcon_core.package_identification:_identify(Robotic_arm/src) by extension 'cmake'
[0.275s] Level 1:colcon.colcon_core.package_identification:_identify(Robotic_arm/src) by extension 'python'
[0.275s] Level 1:colcon.colcon_core.package_identification:_identify(Robotic_arm/src) by extensions ['python_setup_py']
[0.275s] Level 1:colcon.colcon_core.package_identification:_identify(Robotic_arm/src) by extension 'python_setup_py'
[0.275s] Level 1:colcon.colcon_core.package_identification:_identify(Robotic_arm/src/ball_visualization) by extensions ['ignore', 'ignore_ament_install']
[0.275s] Level 1:colcon.colcon_core.package_identification:_identify(Robotic_arm/src/ball_visualization) by extension 'ignore'
[0.275s] Level 1:colcon.colcon_core.package_identification:_identify(Robotic_arm/src/ball_visualization) by extension 'ignore_ament_install'
[0.275s] Level 1:colcon.colcon_core.package_identification:_identify(Robotic_arm/src/ball_visualization) by extensions ['colcon_pkg']
[0.276s] Level 1:colcon.colcon_core.package_identification:_identify(Robotic_arm/src/ball_visualization) by extension 'colcon_pkg'
[0.276s] Level 1:colcon.colcon_core.package_identification:_identify(Robotic_arm/src/ball_visualization) by extensions ['colcon_meta']
[0.276s] Level 1:colcon.colcon_core.package_identification:_identify(Robotic_arm/src/ball_visualization) by extension 'colcon_meta'
[0.276s] Level 1:colcon.colcon_core.package_identification:_identify(Robotic_arm/src/ball_visualization) by extensions ['ros']
[0.276s] Level 1:colcon.colcon_core.package_identification:_identify(Robotic_arm/src/ball_visualization) by extension 'ros'
[0.285s] DEBUG:colcon.colcon_core.package_identification:Package 'Robotic_arm/src/ball_visualization' with type 'ros.ament_cmake' and name 'ball_visualization'
[0.285s] Level 1:colcon.colcon_core.package_identification:_identify(Robotic_arm/src/panda_description) by extensions ['ignore', 'ignore_ament_install']
[0.285s] Level 1:colcon.colcon_core.package_identification:_identify(Robotic_arm/src/panda_description) by extension 'ignore'
[0.285s] Level 1:colcon.colcon_core.package_identification:_identify(Robotic_arm/src/panda_description) by extension 'ignore_ament_install'
[0.285s] Level 1:colcon.colcon_core.package_identification:_identify(Robotic_arm/src/panda_description) by extensions ['colcon_pkg']
[0.285s] Level 1:colcon.colcon_core.package_identification:_identify(Robotic_arm/src/panda_description) by extension 'colcon_pkg'
[0.285s] Level 1:colcon.colcon_core.package_identification:_identify(Robotic_arm/src/panda_description) by extensions ['colcon_meta']
[0.285s] Level 1:colcon.colcon_core.package_identification:_identify(Robotic_arm/src/panda_description) by extension 'colcon_meta'
[0.285s] Level 1:colcon.colcon_core.package_identification:_identify(Robotic_arm/src/panda_description) by extensions ['ros']
[0.285s] Level 1:colcon.colcon_core.package_identification:_identify(Robotic_arm/src/panda_description) by extension 'ros'
[0.285s] DEBUG:colcon.colcon_core.package_identification:Package 'Robotic_arm/src/panda_description' with type 'ros.ament_cmake' and name 'panda_description'
[0.286s] Level 1:colcon.colcon_core.package_identification:_identify(build) by extensions ['ignore', 'ignore_ament_install']
[0.286s] Level 1:colcon.colcon_core.package_identification:_identify(build) by extension 'ignore'
[0.286s] Level 1:colcon.colcon_core.package_identification:_identify(build) ignored
[0.286s] Level 1:colcon.colcon_core.package_identification:_identify(install) by extensions ['ignore', 'ignore_ament_install']
[0.286s] Level 1:colcon.colcon_core.package_identification:_identify(install) by extension 'ignore'
[0.286s] Level 1:colcon.colcon_core.package_identification:_identify(install) ignored
[0.286s] Level 1:colcon.colcon_core.package_identification:_identify(log) by extensions ['ignore', 'ignore_ament_install']
[0.286s] Level 1:colcon.colcon_core.package_identification:_identify(log) by extension 'ignore'
[0.286s] Level 1:colcon.colcon_core.package_identification:_identify(log) ignored
[0.286s] Level 1:colcon.colcon_core.package_discovery:discover_packages(recursive) using defaults
[0.286s] Level 1:colcon.colcon_core.package_discovery:discover_packages(ignore) discover
[0.286s] Level 1:colcon.colcon_core.package_discovery:discover_packages(ignore) using defaults
[0.286s] Level 1:colcon.colcon_core.package_discovery:discover_packages(path) discover
[0.286s] Level 1:colcon.colcon_core.package_discovery:discover_packages(path) using defaults
[0.286s] WARNING:colcon.colcon_core.package_selection:ignoring unknown package 'ball_visgualization' in --packages-select
[0.301s] INFO:colcon.colcon_core.package_selection:Skipping not selected package 'ball_visualization' in 'Robotic_arm/src/ball_visualization'
[0.301s] INFO:colcon.colcon_core.package_selection:Skipping not selected package 'panda_description' in 'Robotic_arm/src/panda_description'
[0.301s] Level 1:colcon.colcon_core.package_discovery:discover_packages(prefix_path) check parameters
[0.301s] Level 1:colcon.colcon_core.package_discovery:discover_packages(prefix_path) discover
[0.303s] DEBUG:colcon.colcon_installed_package_information.package_discovery:Found 2 installed packages in /home/octobotics/arm_ros2_ws/install
[0.304s] DEBUG:colcon.colcon_installed_package_information.package_discovery:Found 405 installed packages in /opt/ros/humble
[0.306s] Level 1:colcon.colcon_core.package_discovery:discover_packages(prefix_path) using defaults
[0.343s] INFO:colcon.colcon_core.executor:Executing jobs using 'parallel' executor
[0.344s] DEBUG:colcon.colcon_parallel_executor.executor.parallel:run_until_complete
[0.344s] DEBUG:colcon.colcon_parallel_executor.executor.parallel:closing loop
[0.344s] DEBUG:colcon.colcon_parallel_executor.executor.parallel:loop closed
[0.344s] DEBUG:colcon.colcon_parallel_executor.executor.parallel:run_until_complete finished with '0'
[0.344s] DEBUG:colcon.colcon_core.event_reactor:joining thread
[0.348s] INFO:colcon.colcon_core.plugin_system:Skipping extension 'colcon_notification.desktop_notification.terminal_notifier': Not used on non-Darwin systems
[0.348s] INFO:colcon.colcon_core.plugin_system:Skipping extension 'colcon_notification.desktop_notification.win32': Not used on non-Windows systems
[0.348s] INFO:colcon.colcon_notification.desktop_notification:Sending desktop notification using 'notify2'
[0.357s] DEBUG:colcon.colcon_core.event_reactor:joined thread
[0.359s] INFO:colcon.colcon_core.plugin_system:Skipping extension 'colcon_core.shell.bat': Not used on non-Windows systems
[0.359s] INFO:colcon.colcon_core.shell:Creating prefix script '/home/octobotics/arm_ros2_ws/install/local_setup.ps1'
[0.360s] INFO:colcon.colcon_core.shell:Creating prefix util module '/home/octobotics/arm_ros2_ws/install/_local_setup_util_ps1.py'
[0.360s] INFO:colcon.colcon_core.shell:Creating prefix chain script '/home/octobotics/arm_ros2_ws/install/setup.ps1'
[0.361s] INFO:colcon.colcon_core.shell:Creating prefix script '/home/octobotics/arm_ros2_ws/install/local_setup.sh'
[0.362s] INFO:colcon.colcon_core.shell:Creating prefix util module '/home/octobotics/arm_ros2_ws/install/_local_setup_util_sh.py'
[0.362s] INFO:colcon.colcon_core.shell:Creating prefix chain script '/home/octobotics/arm_ros2_ws/install/setup.sh'
[0.363s] INFO:colcon.colcon_core.shell:Creating prefix script '/home/octobotics/arm_ros2_ws/install/local_setup.bash'
[0.363s] INFO:colcon.colcon_core.shell:Creating prefix chain script '/home/octobotics/arm_ros2_ws/install/setup.bash'
[0.364s] INFO:colcon.colcon_core.shell:Creating prefix script '/home/octobotics/arm_ros2_ws/install/local_setup.zsh'
[0.364s] INFO:colcon.colcon_core.shell:Creating prefix chain script '/home/octobotics/arm_ros2_ws/install/setup.zsh'
