[0.007s] Invoking command in '/home/octobotics/arm_ros2_ws/build/panda_description': /usr/bin/cmake --build /home/octobotics/arm_ros2_ws/build/panda_description -- -j16 -l16
[0.031s] -- Found ament_cmake: 1.3.11 (/opt/ros/humble/share/ament_cmake/cmake)
[0.140s] -- Found rclcpp: 16.0.11 (/opt/ros/humble/share/rclcpp/cmake)
[0.163s] -- Found rosidl_generator_c: 3.1.6 (/opt/ros/humble/share/rosidl_generator_c/cmake)
[0.164s] -- Found rosidl_adapter: 3.1.6 (/opt/ros/humble/share/rosidl_adapter/cmake)
[0.169s] -- Found rosidl_generator_cpp: 3.1.6 (/opt/ros/humble/share/rosidl_generator_cpp/cmake)
[0.177s] [31mCMake Error at /opt/ros/humble/share/rosidl_typesupport_c/cmake/get_used_typesupports.cmake:35 (message):
[0.177s]   No 'rosidl_typesupport_c' found
[0.177s] Call Stack (most recent call first):
[0.177s]   /opt/ros/humble/share/rosidl_typesupport_c/cmake/rosidl_typesupport_c-extras.cmake:8 (get_used_typesupports)
[0.177s]   /opt/ros/humble/share/rosidl_typesupport_c/cmake/rosidl_typesupport_cConfig.cmake:41 (include)
[0.177s]   /opt/ros/humble/share/builtin_interfaces/cmake/ament_cmake_export_dependencies-extras.cmake:21 (find_package)
[0.177s]   /opt/ros/humble/share/builtin_interfaces/cmake/builtin_interfacesConfig.cmake:41 (include)
[0.177s]   /opt/ros/humble/share/libstatistics_collector/cmake/ament_cmake_export_dependencies-extras.cmake:21 (find_package)
[0.177s]   /opt/ros/humble/share/libstatistics_collector/cmake/libstatistics_collectorConfig.cmake:41 (include)
[0.177s]   /opt/ros/humble/share/rclcpp/cmake/ament_cmake_export_dependencies-extras.cmake:21 (find_package)
[0.177s]   /opt/ros/humble/share/rclcpp/cmake/rclcppConfig.cmake:41 (include)
[0.178s]   CMakeLists.txt:10 (find_package)
[0.178s] 
[0.178s] [0m
[0.178s] -- Configuring incomplete, errors occurred!
[0.178s] See also "/home/octobotics/arm_ros2_ws/build/panda_description/CMakeFiles/CMakeOutput.log".
[0.181s] gmake: *** [Makefile:226: cmake_check_build_system] Error 1
[0.184s] Invoked command in '/home/octobotics/arm_ros2_ws/build/panda_description' returned '2': /usr/bin/cmake --build /home/octobotics/arm_ros2_ws/build/panda_description -- -j16 -l16
