[0.009s] Invoking command in '/home/octobotics/arm_ros2_ws/build/panda_description': CMAKE_PREFIX_PATH=${CMAKE_PREFIX_PATH}:/opt/ros/humble /usr/bin/cmake --build /home/octobotics/arm_ros2_ws/build/panda_description -- -j16 -l16
[0.045s] Invoked command in '/home/octobotics/arm_ros2_ws/build/panda_description' returned '0': CMAKE_PREFIX_PATH=${CMAKE_PREFIX_PATH}:/opt/ros/humble /usr/bin/cmake --build /home/octobotics/arm_ros2_ws/build/panda_description -- -j16 -l16
[0.073s] Invoking command in '/home/octobotics/arm_ros2_ws/build/panda_description': CMAKE_PREFIX_PATH=${CMAKE_PREFIX_PATH}:/opt/ros/humble /usr/bin/cmake --install /home/octobotics/arm_ros2_ws/build/panda_description
[0.078s] -- Install configuration: ""
[0.079s] -- Up-to-date: /home/octobotics/arm_ros2_ws/install/panda_description/share/panda_description//launch
[0.079s] -- Up-to-date: /home/octobotics/arm_ros2_ws/install/panda_description/share/panda_description//launch/controller_spawner.launch.py
[0.079s] -- Up-to-date: /home/octobotics/arm_ros2_ws/install/panda_description/share/panda_description//launch/gazebo_bringup.launch.py
[0.079s] -- Up-to-date: /home/octobotics/arm_ros2_ws/install/panda_description/share/panda_description//launch/rviz_bringup.launch.py
[0.079s] -- Up-to-date: /home/octobotics/arm_ros2_ws/install/panda_description/share/panda_description//launch/rviz_arm_crawer.launch.py
[0.079s] -- Up-to-date: /home/octobotics/arm_ros2_ws/install/panda_description/share/panda_description//meshes
[0.079s] -- Up-to-date: /home/octobotics/arm_ros2_ws/install/panda_description/share/panda_description//meshes/collision
[0.079s] -- Up-to-date: /home/octobotics/arm_ros2_ws/install/panda_description/share/panda_description//meshes/collision/hand.stl
[0.079s] -- Up-to-date: /home/octobotics/arm_ros2_ws/install/panda_description/share/panda_description//meshes/collision/link0.stl
[0.079s] -- Up-to-date: /home/octobotics/arm_ros2_ws/install/panda_description/share/panda_description//meshes/collision/link1.stl
[0.079s] -- Up-to-date: /home/octobotics/arm_ros2_ws/install/panda_description/share/panda_description//meshes/collision/link2.stl
[0.079s] -- Up-to-date: /home/octobotics/arm_ros2_ws/install/panda_description/share/panda_description//meshes/collision/link3.stl
[0.079s] -- Up-to-date: /home/octobotics/arm_ros2_ws/install/panda_description/share/panda_description//meshes/collision/link4.stl
[0.079s] -- Up-to-date: /home/octobotics/arm_ros2_ws/install/panda_description/share/panda_description//meshes/collision/link5.stl
[0.080s] -- Up-to-date: /home/octobotics/arm_ros2_ws/install/panda_description/share/panda_description//meshes/collision/link6.stl
[0.080s] -- Up-to-date: /home/octobotics/arm_ros2_ws/install/panda_description/share/panda_description//meshes/collision/link7.stl
[0.080s] -- Up-to-date: /home/octobotics/arm_ros2_ws/install/panda_description/share/panda_description//meshes/collision/finger.stl
[0.080s] -- Up-to-date: /home/octobotics/arm_ros2_ws/install/panda_description/share/panda_description//meshes/visual
[0.080s] -- Up-to-date: /home/octobotics/arm_ros2_ws/install/panda_description/share/panda_description//meshes/visual/finger.dae
[0.080s] -- Up-to-date: /home/octobotics/arm_ros2_ws/install/panda_description/share/panda_description//meshes/visual/hand.dae
[0.080s] -- Up-to-date: /home/octobotics/arm_ros2_ws/install/panda_description/share/panda_description//meshes/visual/link0.dae
[0.080s] -- Up-to-date: /home/octobotics/arm_ros2_ws/install/panda_description/share/panda_description//meshes/visual/link1.dae
[0.080s] -- Up-to-date: /home/octobotics/arm_ros2_ws/install/panda_description/share/panda_description//meshes/visual/link2.dae
[0.080s] -- Up-to-date: /home/octobotics/arm_ros2_ws/install/panda_description/share/panda_description//meshes/visual/link3.dae
[0.080s] -- Up-to-date: /home/octobotics/arm_ros2_ws/install/panda_description/share/panda_description//meshes/visual/link4.dae
[0.080s] -- Up-to-date: /home/octobotics/arm_ros2_ws/install/panda_description/share/panda_description//meshes/visual/link5.dae
[0.080s] -- Up-to-date: /home/octobotics/arm_ros2_ws/install/panda_description/share/panda_description//meshes/visual/link6.dae
[0.080s] -- Up-to-date: /home/octobotics/arm_ros2_ws/install/panda_description/share/panda_description//meshes/visual/link7.dae
[0.080s] -- Up-to-date: /home/octobotics/arm_ros2_ws/install/panda_description/share/panda_description//meshes/arm_crawer_meshes
[0.080s] -- Up-to-date: /home/octobotics/arm_ros2_ws/install/panda_description/share/panda_description//meshes/arm_crawer_meshes/collision
[0.080s] -- Up-to-date: /home/octobotics/arm_ros2_ws/install/panda_description/share/panda_description//meshes/arm_crawer_meshes/collision/link_13.stl
[0.080s] -- Up-to-date: /home/octobotics/arm_ros2_ws/install/panda_description/share/panda_description//meshes/arm_crawer_meshes/collision/link_2.stl
[0.080s] -- Up-to-date: /home/octobotics/arm_ros2_ws/install/panda_description/share/panda_description//meshes/arm_crawer_meshes/collision/link_12.stl
[0.081s] -- Up-to-date: /home/octobotics/arm_ros2_ws/install/panda_description/share/panda_description//meshes/arm_crawer_meshes/collision/link_10.stl
[0.081s] -- Up-to-date: /home/octobotics/arm_ros2_ws/install/panda_description/share/panda_description//meshes/arm_crawer_meshes/collision/link_11.stl
[0.081s] -- Up-to-date: /home/octobotics/arm_ros2_ws/install/panda_description/share/panda_description//meshes/arm_crawer_meshes/collision/base_link.stl
[0.081s] -- Up-to-date: /home/octobotics/arm_ros2_ws/install/panda_description/share/panda_description//meshes/arm_crawer_meshes/collision/link_1.stl
[0.081s] -- Up-to-date: /home/octobotics/arm_ros2_ws/install/panda_description/share/panda_description//meshes/arm_crawer_meshes/collision/link_3.stl
[0.081s] -- Up-to-date: /home/octobotics/arm_ros2_ws/install/panda_description/share/panda_description//meshes/arm_crawer_meshes/collision/link_4.stl
[0.081s] -- Up-to-date: /home/octobotics/arm_ros2_ws/install/panda_description/share/panda_description//meshes/arm_crawer_meshes/collision/link_5.stl
[0.081s] -- Up-to-date: /home/octobotics/arm_ros2_ws/install/panda_description/share/panda_description//meshes/arm_crawer_meshes/collision/link_6.stl
[0.081s] -- Up-to-date: /home/octobotics/arm_ros2_ws/install/panda_description/share/panda_description//meshes/arm_crawer_meshes/collision/link_7.stl
[0.081s] -- Up-to-date: /home/octobotics/arm_ros2_ws/install/panda_description/share/panda_description//meshes/arm_crawer_meshes/collision/link_8.stl
[0.081s] -- Up-to-date: /home/octobotics/arm_ros2_ws/install/panda_description/share/panda_description//meshes/arm_crawer_meshes/collision/link_9.stl
[0.081s] -- Up-to-date: /home/octobotics/arm_ros2_ws/install/panda_description/share/panda_description//meshes/arm_crawer_meshes/visual
[0.081s] -- Up-to-date: /home/octobotics/arm_ros2_ws/install/panda_description/share/panda_description//meshes/arm_crawer_meshes/visual/link_10.dae
[0.081s] -- Up-to-date: /home/octobotics/arm_ros2_ws/install/panda_description/share/panda_description//meshes/arm_crawer_meshes/visual/base_link.dae
[0.081s] -- Up-to-date: /home/octobotics/arm_ros2_ws/install/panda_description/share/panda_description//meshes/arm_crawer_meshes/visual/link_1.dae
[0.081s] -- Up-to-date: /home/octobotics/arm_ros2_ws/install/panda_description/share/panda_description//meshes/arm_crawer_meshes/visual/link_12.dae
[0.081s] -- Up-to-date: /home/octobotics/arm_ros2_ws/install/panda_description/share/panda_description//meshes/arm_crawer_meshes/visual/link_13.dae
[0.081s] -- Up-to-date: /home/octobotics/arm_ros2_ws/install/panda_description/share/panda_description//meshes/arm_crawer_meshes/visual/link_2.dae
[0.081s] -- Up-to-date: /home/octobotics/arm_ros2_ws/install/panda_description/share/panda_description//meshes/arm_crawer_meshes/visual/link_3.dae
[0.081s] -- Up-to-date: /home/octobotics/arm_ros2_ws/install/panda_description/share/panda_description//meshes/arm_crawer_meshes/visual/link_4.dae
[0.081s] -- Up-to-date: /home/octobotics/arm_ros2_ws/install/panda_description/share/panda_description//meshes/arm_crawer_meshes/visual/link_5.dae
[0.081s] -- Up-to-date: /home/octobotics/arm_ros2_ws/install/panda_description/share/panda_description//meshes/arm_crawer_meshes/visual/link_6.dae
[0.081s] -- Up-to-date: /home/octobotics/arm_ros2_ws/install/panda_description/share/panda_description//meshes/arm_crawer_meshes/visual/link_7.dae
[0.082s] -- Up-to-date: /home/octobotics/arm_ros2_ws/install/panda_description/share/panda_description//meshes/arm_crawer_meshes/visual/link_8.dae
[0.082s] -- Up-to-date: /home/octobotics/arm_ros2_ws/install/panda_description/share/panda_description//meshes/arm_crawer_meshes/visual/link_9.dae
[0.082s] -- Up-to-date: /home/octobotics/arm_ros2_ws/install/panda_description/share/panda_description//meshes/arm_crawer_meshes/visual/link_11.dae
[0.082s] -- Up-to-date: /home/octobotics/arm_ros2_ws/install/panda_description/share/panda_description//urdf
[0.082s] -- Up-to-date: /home/octobotics/arm_ros2_ws/install/panda_description/share/panda_description//urdf/bazu.urdf
[0.082s] -- Up-to-date: /home/octobotics/arm_ros2_ws/install/panda_description/share/panda_description//urdf/panda_arm.urdf
[0.082s] -- Installing: /home/octobotics/arm_ros2_ws/install/panda_description/share/panda_description//urdf/arm_crawer.urdf
[0.082s] -- Up-to-date: /home/octobotics/arm_ros2_ws/install/panda_description/share/ament_index/resource_index/package_run_dependencies/panda_description
[0.082s] -- Up-to-date: /home/octobotics/arm_ros2_ws/install/panda_description/share/ament_index/resource_index/parent_prefix_path/panda_description
[0.082s] -- Up-to-date: /home/octobotics/arm_ros2_ws/install/panda_description/share/panda_description/environment/ament_prefix_path.sh
[0.082s] -- Up-to-date: /home/octobotics/arm_ros2_ws/install/panda_description/share/panda_description/environment/ament_prefix_path.dsv
[0.082s] -- Up-to-date: /home/octobotics/arm_ros2_ws/install/panda_description/share/panda_description/environment/path.sh
[0.082s] -- Up-to-date: /home/octobotics/arm_ros2_ws/install/panda_description/share/panda_description/environment/path.dsv
[0.082s] -- Up-to-date: /home/octobotics/arm_ros2_ws/install/panda_description/share/panda_description/local_setup.bash
[0.082s] -- Up-to-date: /home/octobotics/arm_ros2_ws/install/panda_description/share/panda_description/local_setup.sh
[0.082s] -- Up-to-date: /home/octobotics/arm_ros2_ws/install/panda_description/share/panda_description/local_setup.zsh
[0.082s] -- Up-to-date: /home/octobotics/arm_ros2_ws/install/panda_description/share/panda_description/local_setup.dsv
[0.083s] -- Installing: /home/octobotics/arm_ros2_ws/install/panda_description/share/panda_description/package.dsv
[0.083s] -- Up-to-date: /home/octobotics/arm_ros2_ws/install/panda_description/share/ament_index/resource_index/packages/panda_description
[0.083s] -- Up-to-date: /home/octobotics/arm_ros2_ws/install/panda_description/share/panda_description/cmake/panda_descriptionConfig.cmake
[0.083s] -- Up-to-date: /home/octobotics/arm_ros2_ws/install/panda_description/share/panda_description/cmake/panda_descriptionConfig-version.cmake
[0.083s] -- Up-to-date: /home/octobotics/arm_ros2_ws/install/panda_description/share/panda_description/package.xml
[0.083s] Invoked command in '/home/octobotics/arm_ros2_ws/build/panda_description' returned '0': CMAKE_PREFIX_PATH=${CMAKE_PREFIX_PATH}:/opt/ros/humble /usr/bin/cmake --install /home/octobotics/arm_ros2_ws/build/panda_description
