[0.013s] Invoking command in '/home/octobotics/arm_ros2_ws/build/ball_visualization': CMAKE_PREFIX_PATH=${CMAKE_PREFIX_PATH}:/home/octobotics/arm_ros2_ws/install/robotic_arms_control:/opt/ros/humble /usr/bin/cmake --build /home/octobotics/arm_ros2_ws/build/ball_visualization -- -j16 -l16
[0.071s] [35m[1mConsolidate compiler generated dependencies of target panda_if[0m
[0.083s] [ 75%] Built target semulate_joy
[0.083s] [ 75%] Built target point_publisher
[0.083s] [ 75%] Built target panda_fk
[0.107s] [ 87%] [32mBuilding CXX object CMakeFiles/panda_if.dir/src/panda_if.cpp.o[0m
[12.191s] [100%] [32m[1mLinking CXX executable panda_if[0m
[12.881s] [100%] Built target panda_if
[12.894s] Invoked command in '/home/octobotics/arm_ros2_ws/build/ball_visualization' returned '0': CMAKE_PREFIX_PATH=${CMAKE_PREFIX_PATH}:/home/octobotics/arm_ros2_ws/install/robotic_arms_control:/opt/ros/humble /usr/bin/cmake --build /home/octobotics/arm_ros2_ws/build/ball_visualization -- -j16 -l16
[12.942s] Invoking command in '/home/octobotics/arm_ros2_ws/build/ball_visualization': CMAKE_PREFIX_PATH=${CMAKE_PREFIX_PATH}:/home/octobotics/arm_ros2_ws/install/robotic_arms_control:/opt/ros/humble /usr/bin/cmake --install /home/octobotics/arm_ros2_ws/build/ball_visualization
[12.950s] -- Install configuration: ""
[12.950s] -- Up-to-date: /home/octobotics/arm_ros2_ws/install/ball_visualization/lib/ball_visualization/point_publisher
[12.951s] -- Up-to-date: /home/octobotics/arm_ros2_ws/install/ball_visualization/lib/ball_visualization/panda_fk
[12.951s] -- Installing: /home/octobotics/arm_ros2_ws/install/ball_visualization/lib/ball_visualization/panda_if
[12.954s] -- Set runtime path of "/home/octobotics/arm_ros2_ws/install/ball_visualization/lib/ball_visualization/panda_if" to ""
[12.955s] -- Up-to-date: /home/octobotics/arm_ros2_ws/install/ball_visualization/lib/ball_visualization/semulate_joy
[12.955s] -- Up-to-date: /home/octobotics/arm_ros2_ws/install/ball_visualization/share/ament_index/resource_index/package_run_dependencies/ball_visualization
[12.955s] -- Up-to-date: /home/octobotics/arm_ros2_ws/install/ball_visualization/share/ament_index/resource_index/parent_prefix_path/ball_visualization
[12.955s] -- Up-to-date: /home/octobotics/arm_ros2_ws/install/ball_visualization/share/ball_visualization/environment/ament_prefix_path.sh
[12.955s] -- Up-to-date: /home/octobotics/arm_ros2_ws/install/ball_visualization/share/ball_visualization/environment/ament_prefix_path.dsv
[12.955s] -- Up-to-date: /home/octobotics/arm_ros2_ws/install/ball_visualization/share/ball_visualization/environment/path.sh
[12.955s] -- Up-to-date: /home/octobotics/arm_ros2_ws/install/ball_visualization/share/ball_visualization/environment/path.dsv
[12.955s] -- Up-to-date: /home/octobotics/arm_ros2_ws/install/ball_visualization/share/ball_visualization/local_setup.bash
[12.955s] -- Up-to-date: /home/octobotics/arm_ros2_ws/install/ball_visualization/share/ball_visualization/local_setup.sh
[12.955s] -- Up-to-date: /home/octobotics/arm_ros2_ws/install/ball_visualization/share/ball_visualization/local_setup.zsh
[12.955s] -- Up-to-date: /home/octobotics/arm_ros2_ws/install/ball_visualization/share/ball_visualization/local_setup.dsv
[12.956s] -- Installing: /home/octobotics/arm_ros2_ws/install/ball_visualization/share/ball_visualization/package.dsv
[12.956s] -- Up-to-date: /home/octobotics/arm_ros2_ws/install/ball_visualization/share/ament_index/resource_index/packages/ball_visualization
[12.956s] -- Up-to-date: /home/octobotics/arm_ros2_ws/install/ball_visualization/share/ball_visualization/cmake/ball_visualizationConfig.cmake
[12.956s] -- Up-to-date: /home/octobotics/arm_ros2_ws/install/ball_visualization/share/ball_visualization/cmake/ball_visualizationConfig-version.cmake
[12.956s] -- Up-to-date: /home/octobotics/arm_ros2_ws/install/ball_visualization/share/ball_visualization/package.xml
[12.958s] Invoked command in '/home/octobotics/arm_ros2_ws/build/ball_visualization' returned '0': CMAKE_PREFIX_PATH=${CMAKE_PREFIX_PATH}:/home/octobotics/arm_ros2_ws/install/robotic_arms_control:/opt/ros/humble /usr/bin/cmake --install /home/octobotics/arm_ros2_ws/build/ball_visualization
