[ 87%] Built target semulate_joy
[ 87%] Built target panda_fk
[ 87%] [32mBuilding CXX object CMakeFiles/panda_if.dir/src/panda_if.cpp.o[0m
[ 87%] Built target point_publisher
[01m[K/home/octobotics/arm_ros2_ws/Robotic_arm/src/ball_visualization/src/panda_if.cpp:[m[K In member function ‘[01m[Kvoid InverseKinematics::poseCallback(geometry_msgs::msg::Pose_<std::allocator<void> >::SharedPtr)[m[K’:
[01m[K/home/octobotics/arm_ros2_ws/Robotic_arm/src/ball_visualization/src/panda_if.cpp:28:9:[m[K [01;31m[Kerror: [m[K‘[01m[Ktf2[m[K’ has not been declared
   28 |         [01;31m[Ktf2[m[K::Quaternion q(msg->orientation.x, msg->orientation.y, msg->orientation.z, msg->orientation.w);
      |         [01;31m[K^~~[m[K
[01m[K/home/octobotics/arm_ros2_ws/Robotic_arm/src/ball_visualization/src/panda_if.cpp:30:9:[m[K [01;31m[Kerror: [m[K‘[01m[Ktf2[m[K’ has not been declared
   30 |         [01;31m[Ktf2[m[K::Matrix3x3(q).getRPY(roll, pitch, yaw);
      |         [01;31m[K^~~[m[K
[01m[K/home/octobotics/arm_ros2_ws/Robotic_arm/src/ball_visualization/src/panda_if.cpp:30:24:[m[K [01;31m[Kerror: [m[K‘[01m[Kq[m[K’ was not declared in this scope
   30 |         tf2::Matrix3x3([01;31m[Kq[m[K).getRPY(roll, pitch, yaw);
      |                        [01;31m[K^[m[K
[01m[K/home/octobotics/arm_ros2_ws/Robotic_arm/src/ball_visualization/src/panda_if.cpp:[m[K In member function ‘[01m[Kstd::vector<double, std::allocator<double> > InverseKinematics::computeIK(double, double, double, double, double, double)[m[K’:
[01m[K/home/octobotics/arm_ros2_ws/Robotic_arm/src/ball_visualization/src/panda_if.cpp:42:68:[m[K [01;35m[Kwarning: [m[Kunused parameter ‘[01m[Kroll[m[K’ [[01;35m[K]8;;https://gcc.gnu.org/onlinedocs/gcc/Warning-Options.html#index-Wunused-parameter-Wunused-parameter]8;;[m[K]
   42 | std::vector<double> computeIK(double x, double y, double z, [01;35m[Kdouble roll[m[K, double pitch, double yaw) {
      |                                                             [01;35m[K~~~~~~~^~~~[m[K
[01m[K/home/octobotics/arm_ros2_ws/Robotic_arm/src/ball_visualization/src/panda_if.cpp:42:81:[m[K [01;35m[Kwarning: [m[Kunused parameter ‘[01m[Kpitch[m[K’ [[01;35m[K]8;;https://gcc.gnu.org/onlinedocs/gcc/Warning-Options.html#index-Wunused-parameter-Wunused-parameter]8;;[m[K]
   42 | std::vector<double> computeIK(double x, double y, double z, double roll, [01;35m[Kdouble pitch[m[K, double yaw) {
      |                                                                          [01;35m[K~~~~~~~^~~~~[m[K
gmake[2]: *** [CMakeFiles/panda_if.dir/build.make:76: CMakeFiles/panda_if.dir/src/panda_if.cpp.o] Error 1
gmake[1]: *** [CMakeFiles/Makefile2:221: CMakeFiles/panda_if.dir/all] Error 2
gmake: *** [Makefile:146: all] Error 2
