[0.009s] Invoking command in '/home/octobotics/arm_ros2_ws/build/panda_description': CMAKE_PREFIX_PATH=${CMAKE_PREFIX_PATH}:/home/octobotics/arm_ros2_ws/install/robotic_arms_control:/opt/ros/humble /usr/bin/cmake /home/octobotics/arm_ros2_ws/Robotic_arm/src/panda_description -DCMAKE_INSTALL_PREFIX=/home/octobotics/arm_ros2_ws/install/panda_description
[0.063s] -- The C compiler identification is GNU 11.4.0
[0.118s] -- The CXX compiler identification is GNU 11.4.0
[0.125s] -- Detecting C compiler ABI info
[0.198s] -- Detecting C compiler ABI info - done
[0.204s] -- Check for working C compiler: /usr/bin/cc - skipped
[0.205s] -- Detecting C compile features
[0.205s] -- Detecting C compile features - done
[0.208s] -- Detecting CXX compiler ABI info
[0.290s] -- Detecting CXX compiler ABI info - done
[0.295s] -- Check for working CXX compiler: /usr/bin/c++ - skipped
[0.295s] -- Detecting CXX compile features
[0.296s] -- Detecting CXX compile features - done
[0.298s] -- Found ament_cmake: 1.3.10 (/opt/ros/humble/share/ament_cmake/cmake)
[0.423s] -- Found Python3: /usr/bin/python3 (found version "3.10.12") found components: Interpreter 
[0.502s] -- Found rclcpp: 16.0.10 (/opt/ros/humble/share/rclcpp/cmake)
[0.534s] -- Found rosidl_generator_c: 3.1.5 (/opt/ros/humble/share/rosidl_generator_c/cmake)
[0.538s] -- Found rosidl_adapter: 3.1.5 (/opt/ros/humble/share/rosidl_adapter/cmake)
[0.544s] -- Found rosidl_generator_cpp: 3.1.5 (/opt/ros/humble/share/rosidl_generator_cpp/cmake)
[0.554s] -- Using all available rosidl_typesupport_c: rosidl_typesupport_fastrtps_c;rosidl_typesupport_introspection_c
[0.566s] -- Using all available rosidl_typesupport_cpp: rosidl_typesupport_fastrtps_cpp;rosidl_typesupport_introspection_cpp
[0.600s] -- Found rmw_implementation_cmake: 6.1.2 (/opt/ros/humble/share/rmw_implementation_cmake/cmake)
[0.602s] -- Found rmw_fastrtps_cpp: 6.2.7 (/opt/ros/humble/share/rmw_fastrtps_cpp/cmake)
[0.678s] -- Found OpenSSL: /usr/lib/x86_64-linux-gnu/libcrypto.so (found version "3.0.2")  
[0.698s] -- Found FastRTPS: /opt/ros/humble/include  
[0.728s] -- Using RMW implementation 'rmw_fastrtps_cpp' as default
[0.735s] -- Looking for pthread.h
[0.805s] -- Looking for pthread.h - found
[0.805s] -- Performing Test CMAKE_HAVE_LIBC_PTHREAD
[0.878s] -- Performing Test CMAKE_HAVE_LIBC_PTHREAD - Success
[0.879s] -- Found Threads: TRUE  
[0.923s] -- Found rosidl_default_generators: 1.2.0 (/opt/ros/humble/share/rosidl_default_generators/cmake)
[0.932s] -- Found geometry_msgs: 4.2.4 (/opt/ros/humble/share/geometry_msgs/cmake)
[0.942s] -- Found sensor_msgs: 4.2.4 (/opt/ros/humble/share/sensor_msgs/cmake)
[0.956s] -- Found std_srvs: 4.2.4 (/opt/ros/humble/share/std_srvs/cmake)
[0.966s] -- Found tf2: 0.25.8 (/opt/ros/humble/share/tf2/cmake)
[0.974s] -- Found tf2_ros: 0.25.8 (/opt/ros/humble/share/tf2_ros/cmake)
[1.042s] -- Found ament_lint_auto: 0.12.11 (/opt/ros/humble/share/ament_lint_auto/cmake)
[1.107s] -- Added test 'cppcheck' to perform static code analysis on C / C++ code
[1.108s] -- Configured cppcheck include dirs: /home/octobotics/arm_ros2_ws/Robotic_arm/src/panda_description/include;/home/octobotics/arm_ros2_ws/Robotic_arm/src/panda_description/launch
[1.108s] -- Configured cppcheck exclude dirs and/or files: 
[1.108s] -- Added test 'flake8' to check Python code syntax and style conventions
[1.109s] -- Added test 'lint_cmake' to check CMake code style
[1.110s] -- Added test 'pep257' to check Python code against some of the docstring style conventions in PEP 257
[1.112s] -- Added test 'uncrustify' to check C / C++ code style
[1.112s] -- Configured uncrustify additional arguments: 
[1.113s] -- Added test 'xmllint' to check XML markup files
[1.114s] -- Configuring done
[1.123s] -- Generating done
[1.125s] -- Build files have been written to: /home/octobotics/arm_ros2_ws/build/panda_description
[1.136s] Invoked command in '/home/octobotics/arm_ros2_ws/build/panda_description' returned '0': CMAKE_PREFIX_PATH=${CMAKE_PREFIX_PATH}:/home/octobotics/arm_ros2_ws/install/robotic_arms_control:/opt/ros/humble /usr/bin/cmake /home/octobotics/arm_ros2_ws/Robotic_arm/src/panda_description -DCMAKE_INSTALL_PREFIX=/home/octobotics/arm_ros2_ws/install/panda_description
[1.139s] Invoking command in '/home/octobotics/arm_ros2_ws/build/panda_description': CMAKE_PREFIX_PATH=${CMAKE_PREFIX_PATH}:/home/octobotics/arm_ros2_ws/install/robotic_arms_control:/opt/ros/humble /usr/bin/cmake --build /home/octobotics/arm_ros2_ws/build/panda_description -- -j16 -l16
[1.193s] [ 50%] [32mBuilding CXX object CMakeFiles/joy_control.dir/src/joy_control.cpp.o[0m
[3.860s] [01m[K/home/octobotics/arm_ros2_ws/Robotic_arm/src/panda_description/src/joy_control.cpp:[m[K In member function ‘[01m[Kvoid MinimalSubscriber::runmotor(int, float)[m[K’:
[3.860s] [01m[K/home/octobotics/arm_ros2_ws/Robotic_arm/src/panda_description/src/joy_control.cpp:208:50:[m[K [01;35m[Kwarning: [m[Kcomparison of integer expressions of different signedness: ‘[01m[Ksize_t[m[K’ {aka ‘[01m[Klong unsigned int[m[K’} and ‘[01m[Kint[m[K’ [[01;35m[K]8;;https://gcc.gnu.org/onlinedocs/gcc/Warning-Options.html#index-Wsign-compare-Wsign-compare]8;;[m[K]
[3.861s]   208 |             target_joint_state_.position[i] = ([01;35m[Ki == motor_selected[m[K) ? turn_val : target_joint_state_.position[i];
[3.861s]       |                                                [01;35m[K~~^~~~~~~~~~~~~~~~~[m[K
[9.880s] [100%] [32m[1mLinking CXX executable joy_control[0m
[10.328s] [100%] Built target joy_control
[10.344s] Invoked command in '/home/octobotics/arm_ros2_ws/build/panda_description' returned '0': CMAKE_PREFIX_PATH=${CMAKE_PREFIX_PATH}:/home/octobotics/arm_ros2_ws/install/robotic_arms_control:/opt/ros/humble /usr/bin/cmake --build /home/octobotics/arm_ros2_ws/build/panda_description -- -j16 -l16
[10.392s] Invoking command in '/home/octobotics/arm_ros2_ws/build/panda_description': CMAKE_PREFIX_PATH=${CMAKE_PREFIX_PATH}:/home/octobotics/arm_ros2_ws/install/robotic_arms_control:/opt/ros/humble /usr/bin/cmake --install /home/octobotics/arm_ros2_ws/build/panda_description
[10.401s] -- Install configuration: ""
[10.401s] -- Installing: /home/octobotics/arm_ros2_ws/install/panda_description/lib/panda_description/joy_control
[10.404s] -- Set runtime path of "/home/octobotics/arm_ros2_ws/install/panda_description/lib/panda_description/joy_control" to ""
[10.404s] -- Installing: /home/octobotics/arm_ros2_ws/install/panda_description/share/panda_description//launch
[10.404s] -- Installing: /home/octobotics/arm_ros2_ws/install/panda_description/share/panda_description//launch/controller_spawner.launch.py
[10.404s] -- Installing: /home/octobotics/arm_ros2_ws/install/panda_description/share/panda_description//launch/gazebo_bringup.launch.py
[10.404s] -- Installing: /home/octobotics/arm_ros2_ws/install/panda_description/share/panda_description//launch/rviz_bringup.launch.py
[10.404s] -- Installing: /home/octobotics/arm_ros2_ws/install/panda_description/share/panda_description//meshes
[10.404s] -- Installing: /home/octobotics/arm_ros2_ws/install/panda_description/share/panda_description//meshes/collision
[10.405s] -- Installing: /home/octobotics/arm_ros2_ws/install/panda_description/share/panda_description//meshes/collision/hand.stl
[10.405s] -- Installing: /home/octobotics/arm_ros2_ws/install/panda_description/share/panda_description//meshes/collision/link0.stl
[10.405s] -- Installing: /home/octobotics/arm_ros2_ws/install/panda_description/share/panda_description//meshes/collision/link1.stl
[10.405s] -- Installing: /home/octobotics/arm_ros2_ws/install/panda_description/share/panda_description//meshes/collision/link2.stl
[10.405s] -- Installing: /home/octobotics/arm_ros2_ws/install/panda_description/share/panda_description//meshes/collision/link3.stl
[10.405s] -- Installing: /home/octobotics/arm_ros2_ws/install/panda_description/share/panda_description//meshes/collision/link4.stl
[10.405s] -- Installing: /home/octobotics/arm_ros2_ws/install/panda_description/share/panda_description//meshes/collision/link5.stl
[10.405s] -- Installing: /home/octobotics/arm_ros2_ws/install/panda_description/share/panda_description//meshes/collision/link6.stl
[10.405s] -- Installing: /home/octobotics/arm_ros2_ws/install/panda_description/share/panda_description//meshes/collision/link7.stl
[10.405s] -- Installing: /home/octobotics/arm_ros2_ws/install/panda_description/share/panda_description//meshes/collision/finger.stl
[10.405s] -- Installing: /home/octobotics/arm_ros2_ws/install/panda_description/share/panda_description//meshes/visual
[10.406s] -- Installing: /home/octobotics/arm_ros2_ws/install/panda_description/share/panda_description//meshes/visual/finger.dae
[10.406s] -- Installing: /home/octobotics/arm_ros2_ws/install/panda_description/share/panda_description//meshes/visual/hand.dae
[10.406s] -- Installing: /home/octobotics/arm_ros2_ws/install/panda_description/share/panda_description//meshes/visual/link0.dae
[10.406s] -- Installing: /home/octobotics/arm_ros2_ws/install/panda_description/share/panda_description//meshes/visual/link1.dae
[10.406s] -- Installing: /home/octobotics/arm_ros2_ws/install/panda_description/share/panda_description//meshes/visual/link2.dae
[10.406s] -- Installing: /home/octobotics/arm_ros2_ws/install/panda_description/share/panda_description//meshes/visual/link3.dae
[10.406s] -- Installing: /home/octobotics/arm_ros2_ws/install/panda_description/share/panda_description//meshes/visual/link4.dae
[10.406s] -- Installing: /home/octobotics/arm_ros2_ws/install/panda_description/share/panda_description//meshes/visual/link5.dae
[10.406s] -- Installing: /home/octobotics/arm_ros2_ws/install/panda_description/share/panda_description//meshes/visual/link6.dae
[10.406s] -- Installing: /home/octobotics/arm_ros2_ws/install/panda_description/share/panda_description//meshes/visual/link7.dae
[10.406s] -- Installing: /home/octobotics/arm_ros2_ws/install/panda_description/share/panda_description//urdf
[10.406s] -- Installing: /home/octobotics/arm_ros2_ws/install/panda_description/share/panda_description//urdf/bazu.urdf
[10.406s] -- Installing: /home/octobotics/arm_ros2_ws/install/panda_description/share/panda_description//urdf/panda_arm.urdf
[10.407s] -- Installing: /home/octobotics/arm_ros2_ws/install/panda_description/share/ament_index/resource_index/package_run_dependencies/panda_description
[10.407s] -- Installing: /home/octobotics/arm_ros2_ws/install/panda_description/share/ament_index/resource_index/parent_prefix_path/panda_description
[10.407s] -- Installing: /home/octobotics/arm_ros2_ws/install/panda_description/share/panda_description/environment/ament_prefix_path.sh
[10.407s] -- Installing: /home/octobotics/arm_ros2_ws/install/panda_description/share/panda_description/environment/ament_prefix_path.dsv
[10.407s] -- Installing: /home/octobotics/arm_ros2_ws/install/panda_description/share/panda_description/environment/path.sh
[10.407s] -- Installing: /home/octobotics/arm_ros2_ws/install/panda_description/share/panda_description/environment/path.dsv
[10.408s] -- Installing: /home/octobotics/arm_ros2_ws/install/panda_description/share/panda_description/local_setup.bash
[10.408s] -- Installing: /home/octobotics/arm_ros2_ws/install/panda_description/share/panda_description/local_setup.sh
[10.408s] -- Installing: /home/octobotics/arm_ros2_ws/install/panda_description/share/panda_description/local_setup.zsh
[10.408s] -- Installing: /home/octobotics/arm_ros2_ws/install/panda_description/share/panda_description/local_setup.dsv
[10.408s] -- Installing: /home/octobotics/arm_ros2_ws/install/panda_description/share/panda_description/package.dsv
[10.408s] -- Installing: /home/octobotics/arm_ros2_ws/install/panda_description/share/ament_index/resource_index/packages/panda_description
[10.408s] -- Installing: /home/octobotics/arm_ros2_ws/install/panda_description/share/panda_description/cmake/panda_descriptionConfig.cmake
[10.408s] -- Installing: /home/octobotics/arm_ros2_ws/install/panda_description/share/panda_description/cmake/panda_descriptionConfig-version.cmake
[10.409s] -- Installing: /home/octobotics/arm_ros2_ws/install/panda_description/share/panda_description/package.xml
[10.413s] Invoked command in '/home/octobotics/arm_ros2_ws/build/panda_description' returned '0': CMAKE_PREFIX_PATH=${CMAKE_PREFIX_PATH}:/home/octobotics/arm_ros2_ws/install/robotic_arms_control:/opt/ros/humble /usr/bin/cmake --install /home/octobotics/arm_ros2_ws/build/panda_description
